The server is listening for incoming connections at local:///tmp/bsp4199083746087642810/-n8205kqmlv5k.socket...
Accepted incoming BSP client connection at local:///tmp/bsp4199083746087642810/-n8205kqmlv5k.socket
request received: build/initialize
BSP initialization handshake complete.
Jun 09, 2019 12:34:46 PM scala.meta.internal.pc.CompilerAccess handleError
SEVERE: String index out of range: 2
java.lang.StringIndexOutOfBoundsException: String index out of range: 2
	at java.lang.String.charAt(String.java:658)
	at scala.meta.internal.pc.Completions.isSnippetEnabled(Completions.scala:1607)
	at scala.meta.internal.pc.Completions.isSnippetEnabled$(Completions.scala:1606)
	at scala.meta.internal.pc.MetalsGlobal.isSnippetEnabled(MetalsGlobal.scala:22)
	at scala.meta.internal.pc.CompletionProvider.completions(CompletionProvider.scala:46)

Jun 09, 2019 12:34:46 PM scala.meta.internal.pc.CompilerAccess handleError
SEVERE: String index out of range: 3
java.lang.StringIndexOutOfBoundsException: String index out of range: 3
	at java.lang.String.charAt(String.java:658)
	at scala.meta.internal.pc.Completions.isSnippetEnabled(Completions.scala:1607)
	at scala.meta.internal.pc.Completions.isSnippetEnabled$(Completions.scala:1606)
	at scala.meta.internal.pc.MetalsGlobal.isSnippetEnabled(MetalsGlobal.scala:22)
	at scala.meta.internal.pc.CompletionProvider.completions(CompletionProvider.scala:46)

Jun 09, 2019 12:34:47 PM scala.meta.internal.pc.CompilerAccess handleError
SEVERE: String index out of range: 4
java.lang.StringIndexOutOfBoundsException: String index out of range: 4
	at java.lang.String.charAt(String.java:658)
	at scala.meta.internal.pc.Completions.isSnippetEnabled(Completions.scala:1607)
	at scala.meta.internal.pc.Completions.isSnippetEnabled$(Completions.scala:1606)
	at scala.meta.internal.pc.MetalsGlobal.isSnippetEnabled(MetalsGlobal.scala:22)
	at scala.meta.internal.pc.CompletionProvider.completions(CompletionProvider.scala:46)

Jun 09, 2019 12:34:47 PM scala.meta.internal.pc.CompilerAccess handleError
SEVERE: String index out of range: 5
java.lang.StringIndexOutOfBoundsException: String index out of range: 5
	at java.lang.String.charAt(String.java:658)
	at scala.meta.internal.pc.Completions.isSnippetEnabled(Completions.scala:1607)
	at scala.meta.internal.pc.Completions.isSnippetEnabled$(Completions.scala:1606)
	at scala.meta.internal.pc.MetalsGlobal.isSnippetEnabled(MetalsGlobal.scala:22)
	at scala.meta.internal.pc.CompletionProvider.completions(CompletionProvider.scala:46)

Jun 09, 2019 12:34:48 PM scala.meta.internal.pc.CompilerAccess handleError
SEVERE: String index out of range: 6
java.lang.StringIndexOutOfBoundsException: String index out of range: 6
	at java.lang.String.charAt(String.java:658)
	at scala.meta.internal.pc.Completions.isSnippetEnabled(Completions.scala:1607)
	at scala.meta.internal.pc.Completions.isSnippetEnabled$(Completions.scala:1606)
	at scala.meta.internal.pc.MetalsGlobal.isSnippetEnabled(MetalsGlobal.scala:22)
	at scala.meta.internal.pc.CompletionProvider.completions(CompletionProvider.scala:46)

Jun 09, 2019 12:34:48 PM scala.meta.internal.pc.CompilerAccess handleError
SEVERE: String index out of range: 7
java.lang.StringIndexOutOfBoundsException: String index out of range: 7
	at java.lang.String.charAt(String.java:658)
	at scala.meta.internal.pc.Completions.isSnippetEnabled(Completions.scala:1607)
	at scala.meta.internal.pc.Completions.isSnippetEnabled$(Completions.scala:1606)
	at scala.meta.internal.pc.MetalsGlobal.isSnippetEnabled(MetalsGlobal.scala:22)
	at scala.meta.internal.pc.CompletionProvider.completions(CompletionProvider.scala:46)

Jun 09, 2019 12:34:49 PM scala.meta.internal.pc.CompilerAccess handleError
SEVERE: String index out of range: 9
java.lang.StringIndexOutOfBoundsException: String index out of range: 9
	at java.lang.String.charAt(String.java:658)
	at scala.meta.internal.pc.Completions.isSnippetEnabled(Completions.scala:1607)
	at scala.meta.internal.pc.Completions.isSnippetEnabled$(Completions.scala:1606)
	at scala.meta.internal.pc.MetalsGlobal.isSnippetEnabled(MetalsGlobal.scala:22)
	at scala.meta.internal.pc.CompletionProvider.completions(CompletionProvider.scala:46)

Jun 09, 2019 12:34:49 PM scala.meta.internal.pc.CompilerAccess handleError
SEVERE: String index out of range: 10
java.lang.StringIndexOutOfBoundsException: String index out of range: 10
	at java.lang.String.charAt(String.java:658)
	at scala.meta.internal.pc.Completions.isSnippetEnabled(Completions.scala:1607)
	at scala.meta.internal.pc.Completions.isSnippetEnabled$(Completions.scala:1606)
	at scala.meta.internal.pc.MetalsGlobal.isSnippetEnabled(MetalsGlobal.scala:22)
	at scala.meta.internal.pc.CompletionProvider.completions(CompletionProvider.scala:46)

Jun 09, 2019 12:34:49 PM scala.meta.internal.pc.CompilerAccess handleError
SEVERE: String index out of range: 11
java.lang.StringIndexOutOfBoundsException: String index out of range: 11
	at java.lang.String.charAt(String.java:658)
	at scala.meta.internal.pc.Completions.isSnippetEnabled(Completions.scala:1607)
	at scala.meta.internal.pc.Completions.isSnippetEnabled$(Completions.scala:1606)
	at scala.meta.internal.pc.MetalsGlobal.isSnippetEnabled(MetalsGlobal.scala:22)
	at scala.meta.internal.pc.CompletionProvider.completions(CompletionProvider.scala:46)

Jun 09, 2019 12:34:50 PM scala.meta.internal.pc.CompilerAccess handleError
SEVERE: String index out of range: 12
java.lang.StringIndexOutOfBoundsException: String index out of range: 12
	at java.lang.String.charAt(String.java:658)
	at scala.meta.internal.pc.Completions.isSnippetEnabled(Completions.scala:1607)
	at scala.meta.internal.pc.Completions.isSnippetEnabled$(Completions.scala:1606)
	at scala.meta.internal.pc.MetalsGlobal.isSnippetEnabled(MetalsGlobal.scala:22)
	at scala.meta.internal.pc.CompletionProvider.completions(CompletionProvider.scala:46)

Jun 09, 2019 12:34:51 PM scala.meta.internal.pc.CompilerAccess handleError
SEVERE: String index out of range: 13
java.lang.StringIndexOutOfBoundsException: String index out of range: 13
	at java.lang.String.charAt(String.java:658)
	at scala.meta.internal.pc.Completions.isSnippetEnabled(Completions.scala:1607)
	at scala.meta.internal.pc.Completions.isSnippetEnabled$(Completions.scala:1606)
	at scala.meta.internal.pc.MetalsGlobal.isSnippetEnabled(MetalsGlobal.scala:22)
	at scala.meta.internal.pc.CompletionProvider.completions(CompletionProvider.scala:46)

Jun 09, 2019 12:34:51 PM scala.meta.internal.pc.CompilerAccess handleError
SEVERE: String index out of range: 14
java.lang.StringIndexOutOfBoundsException: String index out of range: 14
	at java.lang.String.charAt(String.java:658)
	at scala.meta.internal.pc.Completions.isSnippetEnabled(Completions.scala:1607)
	at scala.meta.internal.pc.Completions.isSnippetEnabled$(Completions.scala:1606)
	at scala.meta.internal.pc.MetalsGlobal.isSnippetEnabled(MetalsGlobal.scala:22)
	at scala.meta.internal.pc.CompletionProvider.completions(CompletionProvider.scala:46)

Jun 09, 2019 12:34:51 PM scala.meta.internal.pc.CompilerAccess handleError
SEVERE: String index out of range: 15
java.lang.StringIndexOutOfBoundsException: String index out of range: 15
	at java.lang.String.charAt(String.java:658)
	at scala.meta.internal.pc.Completions.isSnippetEnabled(Completions.scala:1607)
	at scala.meta.internal.pc.Completions.isSnippetEnabled$(Completions.scala:1606)
	at scala.meta.internal.pc.MetalsGlobal.isSnippetEnabled(MetalsGlobal.scala:22)
	at scala.meta.internal.pc.CompletionProvider.completions(CompletionProvider.scala:46)

Jun 09, 2019 12:34:51 PM scala.meta.internal.pc.CompilerAccess handleError
SEVERE: String index out of range: 16
java.lang.StringIndexOutOfBoundsException: String index out of range: 16
	at java.lang.String.charAt(String.java:658)
	at scala.meta.internal.pc.Completions.isSnippetEnabled(Completions.scala:1607)
	at scala.meta.internal.pc.Completions.isSnippetEnabled$(Completions.scala:1606)
	at scala.meta.internal.pc.MetalsGlobal.isSnippetEnabled(MetalsGlobal.scala:22)
	at scala.meta.internal.pc.CompletionProvider.completions(CompletionProvider.scala:46)

Jun 09, 2019 12:34:52 PM scala.meta.internal.pc.CompilerAccess handleError
SEVERE: String index out of range: 17
java.lang.StringIndexOutOfBoundsException: String index out of range: 17
	at java.lang.String.charAt(String.java:658)
	at scala.meta.internal.pc.Completions.isSnippetEnabled(Completions.scala:1607)
	at scala.meta.internal.pc.Completions.isSnippetEnabled$(Completions.scala:1606)
	at scala.meta.internal.pc.MetalsGlobal.isSnippetEnabled(MetalsGlobal.scala:22)
	at scala.meta.internal.pc.CompletionProvider.completions(CompletionProvider.scala:46)

Jun 09, 2019 12:34:54 PM scala.meta.internal.pc.CompilerAccess handleError
SEVERE: String index out of range: 16
java.lang.StringIndexOutOfBoundsException: String index out of range: 16
	at java.lang.String.charAt(String.java:658)
	at scala.meta.internal.pc.Completions.isSnippetEnabled(Completions.scala:1607)
	at scala.meta.internal.pc.Completions.isSnippetEnabled$(Completions.scala:1606)
	at scala.meta.internal.pc.MetalsGlobal.isSnippetEnabled(MetalsGlobal.scala:22)
	at scala.meta.internal.pc.CompletionProvider.completions(CompletionProvider.scala:46)

Jun 09, 2019 12:34:54 PM scala.meta.internal.pc.CompilerAccess handleError
SEVERE: String index out of range: 17
java.lang.StringIndexOutOfBoundsException: String index out of range: 17
	at java.lang.String.charAt(String.java:658)
	at scala.meta.internal.pc.Completions.isSnippetEnabled(Completions.scala:1607)
	at scala.meta.internal.pc.Completions.isSnippetEnabled$(Completions.scala:1606)
	at scala.meta.internal.pc.MetalsGlobal.isSnippetEnabled(MetalsGlobal.scala:22)
	at scala.meta.internal.pc.CompletionProvider.completions(CompletionProvider.scala:46)

Jun 09, 2019 12:34:54 PM scala.meta.internal.pc.CompilerAccess handleError
SEVERE: String index out of range: 18
java.lang.StringIndexOutOfBoundsException: String index out of range: 18
	at java.lang.String.charAt(String.java:658)
	at scala.meta.internal.pc.Completions.isSnippetEnabled(Completions.scala:1607)
	at scala.meta.internal.pc.Completions.isSnippetEnabled$(Completions.scala:1606)
	at scala.meta.internal.pc.MetalsGlobal.isSnippetEnabled(MetalsGlobal.scala:22)
	at scala.meta.internal.pc.CompletionProvider.completions(CompletionProvider.scala:46)

Jun 09, 2019 12:34:54 PM scala.meta.internal.pc.CompilerAccess handleError
SEVERE: String index out of range: 19
java.lang.StringIndexOutOfBoundsException: String index out of range: 19
	at java.lang.String.charAt(String.java:658)
	at scala.meta.internal.pc.Completions.isSnippetEnabled(Completions.scala:1607)
	at scala.meta.internal.pc.Completions.isSnippetEnabled$(Completions.scala:1606)
	at scala.meta.internal.pc.MetalsGlobal.isSnippetEnabled(MetalsGlobal.scala:22)
	at scala.meta.internal.pc.CompletionProvider.completions(CompletionProvider.scala:46)

Jun 09, 2019 12:34:55 PM scala.meta.internal.pc.CompilerAccess handleError
SEVERE: String index out of range: 20
java.lang.StringIndexOutOfBoundsException: String index out of range: 20
	at java.lang.String.charAt(String.java:658)
	at scala.meta.internal.pc.Completions.isSnippetEnabled(Completions.scala:1607)
	at scala.meta.internal.pc.Completions.isSnippetEnabled$(Completions.scala:1606)
	at scala.meta.internal.pc.MetalsGlobal.isSnippetEnabled(MetalsGlobal.scala:22)
	at scala.meta.internal.pc.CompletionProvider.completions(CompletionProvider.scala:46)

Jun 09, 2019 12:34:55 PM scala.meta.internal.pc.CompilerAccess handleError
SEVERE: String index out of range: 21
java.lang.StringIndexOutOfBoundsException: String index out of range: 21
	at java.lang.String.charAt(String.java:658)
	at scala.meta.internal.pc.Completions.isSnippetEnabled(Completions.scala:1607)
	at scala.meta.internal.pc.Completions.isSnippetEnabled$(Completions.scala:1606)
	at scala.meta.internal.pc.MetalsGlobal.isSnippetEnabled(MetalsGlobal.scala:22)
	at scala.meta.internal.pc.CompletionProvider.completions(CompletionProvider.scala:46)

Jun 09, 2019 12:34:55 PM scala.meta.internal.pc.CompilerAccess handleError
SEVERE: String index out of range: 22
java.lang.StringIndexOutOfBoundsException: String index out of range: 22
	at java.lang.String.charAt(String.java:658)
	at scala.meta.internal.pc.Completions.isSnippetEnabled(Completions.scala:1607)
	at scala.meta.internal.pc.Completions.isSnippetEnabled$(Completions.scala:1606)
	at scala.meta.internal.pc.MetalsGlobal.isSnippetEnabled(MetalsGlobal.scala:22)
	at scala.meta.internal.pc.CompletionProvider.completions(CompletionProvider.scala:46)

Jun 09, 2019 12:34:55 PM scala.meta.internal.pc.CompilerAccess handleError
SEVERE: String index out of range: 23
java.lang.StringIndexOutOfBoundsException: String index out of range: 23
	at java.lang.String.charAt(String.java:658)
	at scala.meta.internal.pc.Completions.isSnippetEnabled(Completions.scala:1607)
	at scala.meta.internal.pc.Completions.isSnippetEnabled$(Completions.scala:1606)
	at scala.meta.internal.pc.MetalsGlobal.isSnippetEnabled(MetalsGlobal.scala:22)
	at scala.meta.internal.pc.CompletionProvider.completions(CompletionProvider.scala:46)

Jun 09, 2019 12:34:59 PM scala.meta.internal.pc.CompilerAccess handleError
SEVERE: String index out of range: 27
java.lang.StringIndexOutOfBoundsException: String index out of range: 27
	at java.lang.String.charAt(String.java:658)
	at scala.meta.internal.pc.Completions.isSnippetEnabled(Completions.scala:1607)
	at scala.meta.internal.pc.Completions.isSnippetEnabled$(Completions.scala:1606)
	at scala.meta.internal.pc.MetalsGlobal.isSnippetEnabled(MetalsGlobal.scala:22)
	at scala.meta.internal.pc.CompletionProvider.completions(CompletionProvider.scala:46)

Jun 09, 2019 12:34:59 PM scala.meta.internal.pc.CompilerAccess handleError
SEVERE: String index out of range: 28
java.lang.StringIndexOutOfBoundsException: String index out of range: 28
	at java.lang.String.charAt(String.java:658)
	at scala.meta.internal.pc.Completions.isSnippetEnabled(Completions.scala:1607)
	at scala.meta.internal.pc.Completions.isSnippetEnabled$(Completions.scala:1606)
	at scala.meta.internal.pc.MetalsGlobal.isSnippetEnabled(MetalsGlobal.scala:22)
	at scala.meta.internal.pc.CompletionProvider.completions(CompletionProvider.scala:46)

Jun 09, 2019 12:34:59 PM scala.meta.internal.pc.CompilerAccess handleError
SEVERE: String index out of range: 29
java.lang.StringIndexOutOfBoundsException: String index out of range: 29
	at java.lang.String.charAt(String.java:658)
	at scala.meta.internal.pc.Completions.isSnippetEnabled(Completions.scala:1607)
	at scala.meta.internal.pc.Completions.isSnippetEnabled$(Completions.scala:1606)
	at scala.meta.internal.pc.MetalsGlobal.isSnippetEnabled(MetalsGlobal.scala:22)
	at scala.meta.internal.pc.CompletionProvider.completions(CompletionProvider.scala:46)

Jun 09, 2019 12:34:59 PM scala.meta.internal.pc.CompilerAccess handleError
SEVERE: String index out of range: 30
java.lang.StringIndexOutOfBoundsException: String index out of range: 30
	at java.lang.String.charAt(String.java:658)
	at scala.meta.internal.pc.Completions.isSnippetEnabled(Completions.scala:1607)
	at scala.meta.internal.pc.Completions.isSnippetEnabled$(Completions.scala:1606)
	at scala.meta.internal.pc.MetalsGlobal.isSnippetEnabled(MetalsGlobal.scala:22)
	at scala.meta.internal.pc.CompletionProvider.completions(CompletionProvider.scala:46)

Jun 09, 2019 12:35:00 PM scala.meta.internal.pc.CompilerAccess handleError
SEVERE: String index out of range: 31
java.lang.StringIndexOutOfBoundsException: String index out of range: 31
	at java.lang.String.charAt(String.java:658)
	at scala.meta.internal.pc.Completions.isSnippetEnabled(Completions.scala:1607)
	at scala.meta.internal.pc.Completions.isSnippetEnabled$(Completions.scala:1606)
	at scala.meta.internal.pc.MetalsGlobal.isSnippetEnabled(MetalsGlobal.scala:22)
	at scala.meta.internal.pc.CompletionProvider.completions(CompletionProvider.scala:46)

Jun 09, 2019 12:35:00 PM scala.meta.internal.pc.CompilerAccess handleError
SEVERE: String index out of range: 32
java.lang.StringIndexOutOfBoundsException: String index out of range: 32
	at java.lang.String.charAt(String.java:658)
	at scala.meta.internal.pc.Completions.isSnippetEnabled(Completions.scala:1607)
	at scala.meta.internal.pc.Completions.isSnippetEnabled$(Completions.scala:1606)
	at scala.meta.internal.pc.MetalsGlobal.isSnippetEnabled(MetalsGlobal.scala:22)
	at scala.meta.internal.pc.CompletionProvider.completions(CompletionProvider.scala:46)

Jun 09, 2019 12:35:02 PM scala.meta.internal.pc.CompilerAccess handleError
SEVERE: String index out of range: 34
java.lang.StringIndexOutOfBoundsException: String index out of range: 34
	at java.lang.String.charAt(String.java:658)
	at scala.meta.internal.pc.Completions.isSnippetEnabled(Completions.scala:1607)
	at scala.meta.internal.pc.Completions.isSnippetEnabled$(Completions.scala:1606)
	at scala.meta.internal.pc.MetalsGlobal.isSnippetEnabled(MetalsGlobal.scala:22)
	at scala.meta.internal.pc.CompletionProvider.completions(CompletionProvider.scala:46)

Jun 09, 2019 12:35:02 PM scala.meta.internal.pc.CompilerAccess handleError
SEVERE: String index out of range: 35
java.lang.StringIndexOutOfBoundsException: String index out of range: 35
	at java.lang.String.charAt(String.java:658)
	at scala.meta.internal.pc.Completions.isSnippetEnabled(Completions.scala:1607)
	at scala.meta.internal.pc.Completions.isSnippetEnabled$(Completions.scala:1606)
	at scala.meta.internal.pc.MetalsGlobal.isSnippetEnabled(MetalsGlobal.scala:22)
	at scala.meta.internal.pc.CompletionProvider.completions(CompletionProvider.scala:46)

Jun 09, 2019 12:35:02 PM scala.meta.internal.pc.CompilerAccess handleError
SEVERE: String index out of range: 36
java.lang.StringIndexOutOfBoundsException: String index out of range: 36
	at java.lang.String.charAt(String.java:658)
	at scala.meta.internal.pc.Completions.isSnippetEnabled(Completions.scala:1607)
	at scala.meta.internal.pc.Completions.isSnippetEnabled$(Completions.scala:1606)
	at scala.meta.internal.pc.MetalsGlobal.isSnippetEnabled(MetalsGlobal.scala:22)
	at scala.meta.internal.pc.CompletionProvider.completions(CompletionProvider.scala:46)

Jun 09, 2019 12:35:03 PM scala.meta.internal.pc.CompilerAccess handleError
SEVERE: String index out of range: 37
java.lang.StringIndexOutOfBoundsException: String index out of range: 37
	at java.lang.String.charAt(String.java:658)
	at scala.meta.internal.pc.Completions.isSnippetEnabled(Completions.scala:1607)
	at scala.meta.internal.pc.Completions.isSnippetEnabled$(Completions.scala:1606)
	at scala.meta.internal.pc.MetalsGlobal.isSnippetEnabled(MetalsGlobal.scala:22)
	at scala.meta.internal.pc.CompletionProvider.completions(CompletionProvider.scala:46)

Jun 09, 2019 12:35:04 PM scala.meta.internal.pc.CompilerAccess handleError
SEVERE: String index out of range: 39
java.lang.StringIndexOutOfBoundsException: String index out of range: 39
	at java.lang.String.charAt(String.java:658)
	at scala.meta.internal.pc.Completions.isSnippetEnabled(Completions.scala:1607)
	at scala.meta.internal.pc.Completions.isSnippetEnabled$(Completions.scala:1606)
	at scala.meta.internal.pc.MetalsGlobal.isSnippetEnabled(MetalsGlobal.scala:22)
	at scala.meta.internal.pc.CompletionProvider.completions(CompletionProvider.scala:46)

Jun 09, 2019 12:35:04 PM scala.meta.internal.pc.CompilerAccess handleError
SEVERE: String index out of range: 40
java.lang.StringIndexOutOfBoundsException: String index out of range: 40
	at java.lang.String.charAt(String.java:658)
	at scala.meta.internal.pc.Completions.isSnippetEnabled(Completions.scala:1607)
	at scala.meta.internal.pc.Completions.isSnippetEnabled$(Completions.scala:1606)
	at scala.meta.internal.pc.MetalsGlobal.isSnippetEnabled(MetalsGlobal.scala:22)
	at scala.meta.internal.pc.CompletionProvider.completions(CompletionProvider.scala:46)

Jun 09, 2019 12:35:05 PM scala.meta.internal.pc.CompilerAccess handleError
SEVERE: String index out of range: 41
java.lang.StringIndexOutOfBoundsException: String index out of range: 41
	at java.lang.String.charAt(String.java:658)
	at scala.meta.internal.pc.Completions.isSnippetEnabled(Completions.scala:1607)
	at scala.meta.internal.pc.Completions.isSnippetEnabled$(Completions.scala:1606)
	at scala.meta.internal.pc.MetalsGlobal.isSnippetEnabled(MetalsGlobal.scala:22)
	at scala.meta.internal.pc.CompletionProvider.completions(CompletionProvider.scala:46)

Jun 09, 2019 12:35:05 PM scala.meta.internal.pc.CompilerAccess handleError
SEVERE: String index out of range: 42
java.lang.StringIndexOutOfBoundsException: String index out of range: 42
	at java.lang.String.charAt(String.java:658)
	at scala.meta.internal.pc.Completions.isSnippetEnabled(Completions.scala:1607)
	at scala.meta.internal.pc.Completions.isSnippetEnabled$(Completions.scala:1606)
	at scala.meta.internal.pc.MetalsGlobal.isSnippetEnabled(MetalsGlobal.scala:22)
	at scala.meta.internal.pc.CompletionProvider.completions(CompletionProvider.scala:46)

Jun 09, 2019 12:35:05 PM scala.meta.internal.pc.CompilerAccess handleError
SEVERE: String index out of range: 43
java.lang.StringIndexOutOfBoundsException: String index out of range: 43
	at java.lang.String.charAt(String.java:658)
	at scala.meta.internal.pc.Completions.isSnippetEnabled(Completions.scala:1607)
	at scala.meta.internal.pc.Completions.isSnippetEnabled$(Completions.scala:1606)
	at scala.meta.internal.pc.MetalsGlobal.isSnippetEnabled(MetalsGlobal.scala:22)
	at scala.meta.internal.pc.CompletionProvider.completions(CompletionProvider.scala:46)

Jun 09, 2019 12:35:05 PM scala.meta.internal.pc.CompilerAccess handleError
SEVERE: String index out of range: 44
java.lang.StringIndexOutOfBoundsException: String index out of range: 44
	at java.lang.String.charAt(String.java:658)
	at scala.meta.internal.pc.Completions.isSnippetEnabled(Completions.scala:1607)
	at scala.meta.internal.pc.Completions.isSnippetEnabled$(Completions.scala:1606)
	at scala.meta.internal.pc.MetalsGlobal.isSnippetEnabled(MetalsGlobal.scala:22)
	at scala.meta.internal.pc.CompletionProvider.completions(CompletionProvider.scala:46)

Jun 09, 2019 12:35:05 PM scala.meta.internal.pc.CompilerAccess handleError
SEVERE: String index out of range: 45
java.lang.StringIndexOutOfBoundsException: String index out of range: 45
	at java.lang.String.charAt(String.java:658)
	at scala.meta.internal.pc.Completions.isSnippetEnabled(Completions.scala:1607)
	at scala.meta.internal.pc.Completions.isSnippetEnabled$(Completions.scala:1606)
	at scala.meta.internal.pc.MetalsGlobal.isSnippetEnabled(MetalsGlobal.scala:22)
	at scala.meta.internal.pc.CompletionProvider.completions(CompletionProvider.scala:46)

Jun 09, 2019 12:35:07 PM scala.meta.internal.pc.CompilerAccess handleError
SEVERE: String index out of range: 47
java.lang.StringIndexOutOfBoundsException: String index out of range: 47
	at java.lang.String.charAt(String.java:658)
	at scala.meta.internal.pc.Completions.isSnippetEnabled(Completions.scala:1607)
	at scala.meta.internal.pc.Completions.isSnippetEnabled$(Completions.scala:1606)
	at scala.meta.internal.pc.MetalsGlobal.isSnippetEnabled(MetalsGlobal.scala:22)
	at scala.meta.internal.pc.CompletionProvider.completions(CompletionProvider.scala:46)

Jun 09, 2019 12:35:08 PM scala.meta.internal.pc.CompilerAccess handleError
SEVERE: String index out of range: 48
java.lang.StringIndexOutOfBoundsException: String index out of range: 48
	at java.lang.String.charAt(String.java:658)
	at scala.meta.internal.pc.Completions.isSnippetEnabled(Completions.scala:1607)
	at scala.meta.internal.pc.Completions.isSnippetEnabled$(Completions.scala:1606)
	at scala.meta.internal.pc.MetalsGlobal.isSnippetEnabled(MetalsGlobal.scala:22)
	at scala.meta.internal.pc.CompletionProvider.completions(CompletionProvider.scala:46)

Jun 09, 2019 12:35:08 PM scala.meta.internal.pc.CompilerAccess handleError
SEVERE: String index out of range: 49
java.lang.StringIndexOutOfBoundsException: String index out of range: 49
	at java.lang.String.charAt(String.java:658)
	at scala.meta.internal.pc.Completions.isSnippetEnabled(Completions.scala:1607)
	at scala.meta.internal.pc.Completions.isSnippetEnabled$(Completions.scala:1606)
	at scala.meta.internal.pc.MetalsGlobal.isSnippetEnabled(MetalsGlobal.scala:22)
	at scala.meta.internal.pc.CompletionProvider.completions(CompletionProvider.scala:46)

Jun 09, 2019 12:35:08 PM scala.meta.internal.pc.CompilerAccess handleError
SEVERE: String index out of range: 51
java.lang.StringIndexOutOfBoundsException: String index out of range: 51
	at java.lang.String.charAt(String.java:658)
	at scala.meta.internal.pc.Completions.isSnippetEnabled(Completions.scala:1607)
	at scala.meta.internal.pc.Completions.isSnippetEnabled$(Completions.scala:1606)
	at scala.meta.internal.pc.MetalsGlobal.isSnippetEnabled(MetalsGlobal.scala:22)
	at scala.meta.internal.pc.CompletionProvider.completions(CompletionProvider.scala:46)

Jun 09, 2019 12:35:09 PM scala.meta.internal.pc.CompilerAccess handleError
SEVERE: String index out of range: 52
java.lang.StringIndexOutOfBoundsException: String index out of range: 52
	at java.lang.String.charAt(String.java:658)
	at scala.meta.internal.pc.Completions.isSnippetEnabled(Completions.scala:1607)
	at scala.meta.internal.pc.Completions.isSnippetEnabled$(Completions.scala:1606)
	at scala.meta.internal.pc.MetalsGlobal.isSnippetEnabled(MetalsGlobal.scala:22)
	at scala.meta.internal.pc.CompletionProvider.completions(CompletionProvider.scala:46)

Jun 09, 2019 12:35:10 PM scala.meta.internal.pc.CompilerAccess handleError
SEVERE: String index out of range: 52
java.lang.StringIndexOutOfBoundsException: String index out of range: 52
	at java.lang.String.charAt(String.java:658)
	at scala.meta.internal.pc.Completions.isSnippetEnabled(Completions.scala:1607)
	at scala.meta.internal.pc.Completions.isSnippetEnabled$(Completions.scala:1606)
	at scala.meta.internal.pc.MetalsGlobal.isSnippetEnabled(MetalsGlobal.scala:22)
	at scala.meta.internal.pc.CompletionProvider.completions(CompletionProvider.scala:46)

Jun 09, 2019 12:35:11 PM scala.meta.internal.pc.CompilerAccess handleError
SEVERE: String index out of range: 53
java.lang.StringIndexOutOfBoundsException: String index out of range: 53
	at java.lang.String.charAt(String.java:658)
	at scala.meta.internal.pc.Completions.isSnippetEnabled(Completions.scala:1607)
	at scala.meta.internal.pc.Completions.isSnippetEnabled$(Completions.scala:1606)
	at scala.meta.internal.pc.MetalsGlobal.isSnippetEnabled(MetalsGlobal.scala:22)
	at scala.meta.internal.pc.CompletionProvider.completions(CompletionProvider.scala:46)

Jun 09, 2019 12:35:11 PM scala.meta.internal.pc.CompilerAccess handleError
SEVERE: String index out of range: 54
java.lang.StringIndexOutOfBoundsException: String index out of range: 54
	at java.lang.String.charAt(String.java:658)
	at scala.meta.internal.pc.Completions.isSnippetEnabled(Completions.scala:1607)
	at scala.meta.internal.pc.Completions.isSnippetEnabled$(Completions.scala:1606)
	at scala.meta.internal.pc.MetalsGlobal.isSnippetEnabled(MetalsGlobal.scala:22)
	at scala.meta.internal.pc.CompletionProvider.completions(CompletionProvider.scala:46)

Jun 09, 2019 12:35:12 PM scala.meta.internal.pc.CompilerAccess handleError
SEVERE: String index out of range: 56
java.lang.StringIndexOutOfBoundsException: String index out of range: 56
	at java.lang.String.charAt(String.java:658)
	at scala.meta.internal.pc.Completions.isSnippetEnabled(Completions.scala:1607)
	at scala.meta.internal.pc.Completions.isSnippetEnabled$(Completions.scala:1606)
	at scala.meta.internal.pc.MetalsGlobal.isSnippetEnabled(MetalsGlobal.scala:22)
	at scala.meta.internal.pc.CompletionProvider.completions(CompletionProvider.scala:46)

Jun 09, 2019 12:35:13 PM scala.meta.internal.pc.CompilerAccess handleError
SEVERE: String index out of range: 57
java.lang.StringIndexOutOfBoundsException: String index out of range: 57
	at java.lang.String.charAt(String.java:658)
	at scala.meta.internal.pc.Completions.isSnippetEnabled(Completions.scala:1607)
	at scala.meta.internal.pc.Completions.isSnippetEnabled$(Completions.scala:1606)
	at scala.meta.internal.pc.MetalsGlobal.isSnippetEnabled(MetalsGlobal.scala:22)
	at scala.meta.internal.pc.CompletionProvider.completions(CompletionProvider.scala:46)

Jun 09, 2019 12:35:13 PM scala.meta.internal.pc.CompilerAccess handleError
SEVERE: String index out of range: 58
java.lang.StringIndexOutOfBoundsException: String index out of range: 58
	at java.lang.String.charAt(String.java:658)
	at scala.meta.internal.pc.Completions.isSnippetEnabled(Completions.scala:1607)
	at scala.meta.internal.pc.Completions.isSnippetEnabled$(Completions.scala:1606)
	at scala.meta.internal.pc.MetalsGlobal.isSnippetEnabled(MetalsGlobal.scala:22)
	at scala.meta.internal.pc.CompletionProvider.completions(CompletionProvider.scala:46)

Jun 09, 2019 12:35:13 PM scala.meta.internal.pc.CompilerAccess handleError
SEVERE: String index out of range: 59
java.lang.StringIndexOutOfBoundsException: String index out of range: 59
	at java.lang.String.charAt(String.java:658)
	at scala.meta.internal.pc.Completions.isSnippetEnabled(Completions.scala:1607)
	at scala.meta.internal.pc.Completions.isSnippetEnabled$(Completions.scala:1606)
	at scala.meta.internal.pc.MetalsGlobal.isSnippetEnabled(MetalsGlobal.scala:22)
	at scala.meta.internal.pc.CompletionProvider.completions(CompletionProvider.scala:46)

Jun 09, 2019 12:35:13 PM scala.meta.internal.pc.CompilerAccess handleError
SEVERE: String index out of range: 60
java.lang.StringIndexOutOfBoundsException: String index out of range: 60
	at java.lang.String.charAt(String.java:658)
	at scala.meta.internal.pc.Completions.isSnippetEnabled(Completions.scala:1607)
	at scala.meta.internal.pc.Completions.isSnippetEnabled$(Completions.scala:1606)
	at scala.meta.internal.pc.MetalsGlobal.isSnippetEnabled(MetalsGlobal.scala:22)
	at scala.meta.internal.pc.CompletionProvider.completions(CompletionProvider.scala:46)

Jun 09, 2019 12:35:13 PM scala.meta.internal.pc.CompilerAccess handleError
SEVERE: String index out of range: 61
java.lang.StringIndexOutOfBoundsException: String index out of range: 61
	at java.lang.String.charAt(String.java:658)
	at scala.meta.internal.pc.Completions.isSnippetEnabled(Completions.scala:1607)
	at scala.meta.internal.pc.Completions.isSnippetEnabled$(Completions.scala:1606)
	at scala.meta.internal.pc.MetalsGlobal.isSnippetEnabled(MetalsGlobal.scala:22)
	at scala.meta.internal.pc.CompletionProvider.completions(CompletionProvider.scala:46)

Jun 09, 2019 12:35:14 PM scala.meta.internal.pc.CompilerAccess handleError
SEVERE: String index out of range: 62
java.lang.StringIndexOutOfBoundsException: String index out of range: 62
	at java.lang.String.charAt(String.java:658)
	at scala.meta.internal.pc.Completions.isSnippetEnabled(Completions.scala:1607)
	at scala.meta.internal.pc.Completions.isSnippetEnabled$(Completions.scala:1606)
	at scala.meta.internal.pc.MetalsGlobal.isSnippetEnabled(MetalsGlobal.scala:22)
	at scala.meta.internal.pc.CompletionProvider.completions(CompletionProvider.scala:46)

Jun 09, 2019 12:35:14 PM scala.meta.internal.pc.CompilerAccess handleError
SEVERE: String index out of range: 63
java.lang.StringIndexOutOfBoundsException: String index out of range: 63
	at java.lang.String.charAt(String.java:658)
	at scala.meta.internal.pc.Completions.isSnippetEnabled(Completions.scala:1607)
	at scala.meta.internal.pc.Completions.isSnippetEnabled$(Completions.scala:1606)
	at scala.meta.internal.pc.MetalsGlobal.isSnippetEnabled(MetalsGlobal.scala:22)
	at scala.meta.internal.pc.CompletionProvider.completions(CompletionProvider.scala:46)

Jun 09, 2019 12:35:15 PM scala.meta.internal.pc.CompilerAccess handleError
SEVERE: String index out of range: 64
java.lang.StringIndexOutOfBoundsException: String index out of range: 64
	at java.lang.String.charAt(String.java:658)
	at scala.meta.internal.pc.Completions.isSnippetEnabled(Completions.scala:1607)
	at scala.meta.internal.pc.Completions.isSnippetEnabled$(Completions.scala:1606)
	at scala.meta.internal.pc.MetalsGlobal.isSnippetEnabled(MetalsGlobal.scala:22)
	at scala.meta.internal.pc.CompletionProvider.completions(CompletionProvider.scala:46)

Jun 09, 2019 12:35:15 PM scala.meta.internal.pc.CompilerAccess handleError
SEVERE: String index out of range: 65
java.lang.StringIndexOutOfBoundsException: String index out of range: 65
	at java.lang.String.charAt(String.java:658)
	at scala.meta.internal.pc.Completions.isSnippetEnabled(Completions.scala:1607)
	at scala.meta.internal.pc.Completions.isSnippetEnabled$(Completions.scala:1606)
	at scala.meta.internal.pc.MetalsGlobal.isSnippetEnabled(MetalsGlobal.scala:22)
	at scala.meta.internal.pc.CompletionProvider.completions(CompletionProvider.scala:46)

Jun 09, 2019 12:35:15 PM scala.meta.internal.pc.CompilerAccess handleError
SEVERE: String index out of range: 66
java.lang.StringIndexOutOfBoundsException: String index out of range: 66
	at java.lang.String.charAt(String.java:658)
	at scala.meta.internal.pc.Completions.isSnippetEnabled(Completions.scala:1607)
	at scala.meta.internal.pc.Completions.isSnippetEnabled$(Completions.scala:1606)
	at scala.meta.internal.pc.MetalsGlobal.isSnippetEnabled(MetalsGlobal.scala:22)
	at scala.meta.internal.pc.CompletionProvider.completions(CompletionProvider.scala:46)

Jun 09, 2019 12:35:15 PM scala.meta.internal.pc.CompilerAccess handleError
SEVERE: String index out of range: 67
java.lang.StringIndexOutOfBoundsException: String index out of range: 67
	at java.lang.String.charAt(String.java:658)
	at scala.meta.internal.pc.Completions.isSnippetEnabled(Completions.scala:1607)
	at scala.meta.internal.pc.Completions.isSnippetEnabled$(Completions.scala:1606)
	at scala.meta.internal.pc.MetalsGlobal.isSnippetEnabled(MetalsGlobal.scala:22)
	at scala.meta.internal.pc.CompletionProvider.completions(CompletionProvider.scala:46)

Jun 09, 2019 12:35:16 PM scala.meta.internal.pc.CompilerAccess handleError
SEVERE: String index out of range: 68
java.lang.StringIndexOutOfBoundsException: String index out of range: 68
	at java.lang.String.charAt(String.java:658)
	at scala.meta.internal.pc.Completions.isSnippetEnabled(Completions.scala:1607)
	at scala.meta.internal.pc.Completions.isSnippetEnabled$(Completions.scala:1606)
	at scala.meta.internal.pc.MetalsGlobal.isSnippetEnabled(MetalsGlobal.scala:22)
	at scala.meta.internal.pc.CompletionProvider.completions(CompletionProvider.scala:46)

Jun 09, 2019 12:35:16 PM scala.meta.internal.pc.CompilerAccess handleError
SEVERE: String index out of range: 69
java.lang.StringIndexOutOfBoundsException: String index out of range: 69
	at java.lang.String.charAt(String.java:658)
	at scala.meta.internal.pc.Completions.isSnippetEnabled(Completions.scala:1607)
	at scala.meta.internal.pc.Completions.isSnippetEnabled$(Completions.scala:1606)
	at scala.meta.internal.pc.MetalsGlobal.isSnippetEnabled(MetalsGlobal.scala:22)
	at scala.meta.internal.pc.CompletionProvider.completions(CompletionProvider.scala:46)

Jun 09, 2019 12:35:26 PM scala.meta.internal.pc.CompilerAccess handleError
SEVERE: String index out of range: 75
java.lang.StringIndexOutOfBoundsException: String index out of range: 75
	at java.lang.String.charAt(String.java:658)
	at scala.meta.internal.pc.Completions.isSnippetEnabled(Completions.scala:1607)
	at scala.meta.internal.pc.Completions.isSnippetEnabled$(Completions.scala:1606)
	at scala.meta.internal.pc.MetalsGlobal.isSnippetEnabled(MetalsGlobal.scala:22)
	at scala.meta.internal.pc.CompletionProvider.completions(CompletionProvider.scala:46)

Jun 09, 2019 12:35:26 PM scala.meta.internal.pc.CompilerAccess handleError
SEVERE: String index out of range: 77
java.lang.StringIndexOutOfBoundsException: String index out of range: 77
	at java.lang.String.charAt(String.java:658)
	at scala.meta.internal.pc.Completions.isSnippetEnabled(Completions.scala:1607)
	at scala.meta.internal.pc.Completions.isSnippetEnabled$(Completions.scala:1606)
	at scala.meta.internal.pc.MetalsGlobal.isSnippetEnabled(MetalsGlobal.scala:22)
	at scala.meta.internal.pc.CompletionProvider.completions(CompletionProvider.scala:46)

Jun 09, 2019 12:35:26 PM scala.meta.internal.pc.CompilerAccess handleError
SEVERE: String index out of range: 78
java.lang.StringIndexOutOfBoundsException: String index out of range: 78
	at java.lang.String.charAt(String.java:658)
	at scala.meta.internal.pc.Completions.isSnippetEnabled(Completions.scala:1607)
	at scala.meta.internal.pc.Completions.isSnippetEnabled$(Completions.scala:1606)
	at scala.meta.internal.pc.MetalsGlobal.isSnippetEnabled(MetalsGlobal.scala:22)
	at scala.meta.internal.pc.CompletionProvider.completions(CompletionProvider.scala:46)

Jun 09, 2019 12:35:27 PM scala.meta.internal.pc.CompilerAccess handleError
SEVERE: String index out of range: 79
java.lang.StringIndexOutOfBoundsException: String index out of range: 79
	at java.lang.String.charAt(String.java:658)
	at scala.meta.internal.pc.Completions.isSnippetEnabled(Completions.scala:1607)
	at scala.meta.internal.pc.Completions.isSnippetEnabled$(Completions.scala:1606)
	at scala.meta.internal.pc.MetalsGlobal.isSnippetEnabled(MetalsGlobal.scala:22)
	at scala.meta.internal.pc.CompletionProvider.completions(CompletionProvider.scala:46)

Jun 09, 2019 12:35:28 PM scala.meta.internal.pc.CompilerAccess handleError
SEVERE: String index out of range: 81
java.lang.StringIndexOutOfBoundsException: String index out of range: 81
	at java.lang.String.charAt(String.java:658)
	at scala.meta.internal.pc.Completions.isSnippetEnabled(Completions.scala:1607)
	at scala.meta.internal.pc.Completions.isSnippetEnabled$(Completions.scala:1606)
	at scala.meta.internal.pc.MetalsGlobal.isSnippetEnabled(MetalsGlobal.scala:22)
	at scala.meta.internal.pc.CompletionProvider.completions(CompletionProvider.scala:46)

Jun 09, 2019 12:39:53 PM scala.meta.internal.pc.CompilerAccess retryWithCleanCompiler
INFO: compiler crashed due to an error in the Scala compiler, retrying with new compiler instance.
Jun 09, 2019 12:39:53 PM scala.meta.internal.pc.CompilerAccess handleError
SEVERE: implicit class <error> extends  (of class scala.reflect.internal.Trees$ClassDef)
scala.MatchError: implicit class <error> extends  (of class scala.reflect.internal.Trees$ClassDef)
	at scala.tools.nsc.typechecker.Unapplies.constrParamss(Unapplies.scala:64)
	at scala.tools.nsc.typechecker.Unapplies.factoryMeth(Unapplies.scala:141)
	at scala.tools.nsc.typechecker.Unapplies.factoryMeth$(Unapplies.scala:138)
	at scala.meta.internal.pc.MetalsGlobal$$anon$1.factoryMeth(MetalsGlobal.scala:38)
	at scala.tools.nsc.typechecker.MethodSynthesis$MethodSynth.enterImplicitWrapper(MethodSynthesis.scala:231)
	at scala.tools.nsc.typechecker.MethodSynthesis$MethodSynth.enterImplicitWrapper$(MethodSynthesis.scala:230)
	at scala.tools.nsc.typechecker.Namers$Namer.enterImplicitWrapper(Namers.scala:58)
	at scala.tools.nsc.interactive.InteractiveAnalyzer$InteractiveNamer.enterExistingSym(Global.scala:94)
	at scala.tools.nsc.interactive.InteractiveAnalyzer$InteractiveNamer.enterExistingSym$(Global.scala:80)
	at scala.tools.nsc.interactive.InteractiveAnalyzer$$anon$2.enterExistingSym(Global.scala:51)
	at scala.tools.nsc.typechecker.Namers$Namer.standardEnterSym(Namers.scala:294)
	at scala.tools.nsc.typechecker.AnalyzerPlugins.pluginsEnterSym(AnalyzerPlugins.scala:461)
	at scala.tools.nsc.typechecker.AnalyzerPlugins.pluginsEnterSym$(AnalyzerPlugins.scala:460)
	at scala.meta.internal.pc.MetalsGlobal$$anon$1.pluginsEnterSym(MetalsGlobal.scala:38)
	at scala.tools.nsc.typechecker.Namers$Namer.enterSym(Namers.scala:268)
	at scala.tools.nsc.typechecker.Typers$Typer.enterSym(Typers.scala:1946)
	at scala.tools.nsc.typechecker.Typers$Typer.$anonfun$enterSyms$1(Typers.scala:1941)
	at scala.tools.nsc.typechecker.Typers$Typer.enterSyms(Typers.scala:1941)
	at scala.tools.nsc.typechecker.Typers$Typer.typedTemplate(Typers.scala:2003)
	at scala.tools.nsc.typechecker.Typers$Typer.typedModuleDef(Typers.scala:1896)
	at scala.tools.nsc.typechecker.Typers$Typer.typed1(Typers.scala:5647)
	at scala.tools.nsc.typechecker.Typers$Typer.typed(Typers.scala:5726)
	at scala.tools.nsc.typechecker.Typers$Typer.typedStat$1(Typers.scala:5790)
	at scala.tools.nsc.typechecker.Typers$Typer.$anonfun$typedStats$10(Typers.scala:3373)
	at scala.tools.nsc.typechecker.Typers$Typer.typedStats(Typers.scala:3373)
	at scala.tools.nsc.typechecker.Typers$Typer.typedPackageDef$1(Typers.scala:5356)
	at scala.tools.nsc.typechecker.Typers$Typer.typed1(Typers.scala:5649)
	at scala.tools.nsc.typechecker.Typers$Typer.typed(Typers.scala:5726)
	at scala.tools.nsc.typechecker.Analyzer$typerFactory$TyperPhase.apply(Analyzer.scala:114)
	at scala.tools.nsc.Global$GlobalPhase.applyPhase(Global.scala:448)
	at scala.tools.nsc.interactive.Global$TyperRun.$anonfun$applyPhase$1(Global.scala:1340)
	at scala.tools.nsc.interactive.Global$TyperRun.applyPhase(Global.scala:1340)
	at scala.tools.nsc.interactive.Global$TyperRun.typeCheck(Global.scala:1333)
	at scala.tools.nsc.interactive.Global.typeCheck(Global.scala:665)
	at scala.tools.nsc.interactive.Global.typedTreeAt(Global.scala:814)
	at scala.tools.nsc.interactive.Global.completionsAt(Global.scala:1225)
	at scala.meta.internal.pc.CompletionProvider.safeCompletionsAt(CompletionProvider.scala:353)
	at scala.meta.internal.pc.CompletionProvider.completions(CompletionProvider.scala:47)

Jun 09, 2019 12:40:16 PM scala.meta.internal.pc.CompilerAccess retryWithCleanCompiler
INFO: compiler crashed due to an error in the Scala compiler, retrying with new compiler instance.
Jun 09, 2019 12:40:16 PM scala.meta.internal.pc.CompilerAccess handleError
SEVERE: implicit class <error> extends  (of class scala.reflect.internal.Trees$ClassDef)
scala.MatchError: implicit class <error> extends  (of class scala.reflect.internal.Trees$ClassDef)
	at scala.tools.nsc.typechecker.Unapplies.constrParamss(Unapplies.scala:64)
	at scala.tools.nsc.typechecker.Unapplies.factoryMeth(Unapplies.scala:141)
	at scala.tools.nsc.typechecker.Unapplies.factoryMeth$(Unapplies.scala:138)
	at scala.meta.internal.pc.MetalsGlobal$$anon$1.factoryMeth(MetalsGlobal.scala:38)
	at scala.tools.nsc.typechecker.MethodSynthesis$MethodSynth.enterImplicitWrapper(MethodSynthesis.scala:231)
	at scala.tools.nsc.typechecker.MethodSynthesis$MethodSynth.enterImplicitWrapper$(MethodSynthesis.scala:230)
	at scala.tools.nsc.typechecker.Namers$Namer.enterImplicitWrapper(Namers.scala:58)
	at scala.tools.nsc.interactive.InteractiveAnalyzer$InteractiveNamer.enterExistingSym(Global.scala:94)
	at scala.tools.nsc.interactive.InteractiveAnalyzer$InteractiveNamer.enterExistingSym$(Global.scala:80)
	at scala.tools.nsc.interactive.InteractiveAnalyzer$$anon$2.enterExistingSym(Global.scala:51)
	at scala.tools.nsc.typechecker.Namers$Namer.standardEnterSym(Namers.scala:294)
	at scala.tools.nsc.typechecker.AnalyzerPlugins.pluginsEnterSym(AnalyzerPlugins.scala:461)
	at scala.tools.nsc.typechecker.AnalyzerPlugins.pluginsEnterSym$(AnalyzerPlugins.scala:460)
	at scala.meta.internal.pc.MetalsGlobal$$anon$1.pluginsEnterSym(MetalsGlobal.scala:38)
	at scala.tools.nsc.typechecker.Namers$Namer.enterSym(Namers.scala:268)
	at scala.tools.nsc.typechecker.Typers$Typer.enterSym(Typers.scala:1946)
	at scala.tools.nsc.typechecker.Typers$Typer.$anonfun$enterSyms$1(Typers.scala:1941)
	at scala.tools.nsc.typechecker.Typers$Typer.enterSyms(Typers.scala:1941)
	at scala.tools.nsc.typechecker.Typers$Typer.typedTemplate(Typers.scala:2003)
	at scala.tools.nsc.typechecker.Typers$Typer.typedModuleDef(Typers.scala:1896)
	at scala.tools.nsc.typechecker.Typers$Typer.typed1(Typers.scala:5647)
	at scala.tools.nsc.typechecker.Typers$Typer.typed(Typers.scala:5726)
	at scala.tools.nsc.typechecker.Typers$Typer.typedStat$1(Typers.scala:5790)
	at scala.tools.nsc.typechecker.Typers$Typer.$anonfun$typedStats$10(Typers.scala:3373)
	at scala.tools.nsc.typechecker.Typers$Typer.typedStats(Typers.scala:3373)
	at scala.tools.nsc.typechecker.Typers$Typer.typedPackageDef$1(Typers.scala:5356)
	at scala.tools.nsc.typechecker.Typers$Typer.typed1(Typers.scala:5649)
	at scala.tools.nsc.typechecker.Typers$Typer.typed(Typers.scala:5726)
	at scala.tools.nsc.typechecker.Analyzer$typerFactory$TyperPhase.apply(Analyzer.scala:114)
	at scala.tools.nsc.Global$GlobalPhase.applyPhase(Global.scala:448)
	at scala.tools.nsc.interactive.Global$TyperRun.$anonfun$applyPhase$1(Global.scala:1340)
	at scala.tools.nsc.interactive.Global$TyperRun.applyPhase(Global.scala:1340)
	at scala.tools.nsc.interactive.Global$TyperRun.typeCheck(Global.scala:1333)
	at scala.tools.nsc.interactive.Global.typeCheck(Global.scala:665)
	at scala.tools.nsc.interactive.Global.typedTreeAt(Global.scala:814)
	at scala.tools.nsc.interactive.Global.completionsAt(Global.scala:1225)
	at scala.meta.internal.pc.CompletionProvider.safeCompletionsAt(CompletionProvider.scala:353)
	at scala.meta.internal.pc.CompletionProvider.completions(CompletionProvider.scala:47)

Jun 09, 2019 12:45:22 PM scala.meta.internal.pc.CompilerAccess retryWithCleanCompiler
INFO: compiler crashed due to an error in the Scala compiler, retrying with new compiler instance.
Jun 09, 2019 12:45:22 PM scala.meta.internal.pc.CompilerAccess handleError
SEVERE: implicit class <error> extends  (of class scala.reflect.internal.Trees$ClassDef)
scala.MatchError: implicit class <error> extends  (of class scala.reflect.internal.Trees$ClassDef)
	at scala.tools.nsc.typechecker.Unapplies.constrParamss(Unapplies.scala:64)
	at scala.tools.nsc.typechecker.Unapplies.factoryMeth(Unapplies.scala:141)
	at scala.tools.nsc.typechecker.Unapplies.factoryMeth$(Unapplies.scala:138)
	at scala.meta.internal.pc.MetalsGlobal$$anon$1.factoryMeth(MetalsGlobal.scala:38)
	at scala.tools.nsc.typechecker.MethodSynthesis$MethodSynth.enterImplicitWrapper(MethodSynthesis.scala:231)
	at scala.tools.nsc.typechecker.MethodSynthesis$MethodSynth.enterImplicitWrapper$(MethodSynthesis.scala:230)
	at scala.tools.nsc.typechecker.Namers$Namer.enterImplicitWrapper(Namers.scala:58)
	at scala.tools.nsc.interactive.InteractiveAnalyzer$InteractiveNamer.enterExistingSym(Global.scala:94)
	at scala.tools.nsc.interactive.InteractiveAnalyzer$InteractiveNamer.enterExistingSym$(Global.scala:80)
	at scala.tools.nsc.interactive.InteractiveAnalyzer$$anon$2.enterExistingSym(Global.scala:51)
	at scala.tools.nsc.typechecker.Namers$Namer.standardEnterSym(Namers.scala:294)
	at scala.tools.nsc.typechecker.AnalyzerPlugins.pluginsEnterSym(AnalyzerPlugins.scala:461)
	at scala.tools.nsc.typechecker.AnalyzerPlugins.pluginsEnterSym$(AnalyzerPlugins.scala:460)
	at scala.meta.internal.pc.MetalsGlobal$$anon$1.pluginsEnterSym(MetalsGlobal.scala:38)
	at scala.tools.nsc.typechecker.Namers$Namer.enterSym(Namers.scala:268)
	at scala.tools.nsc.typechecker.Typers$Typer.enterSym(Typers.scala:1946)
	at scala.tools.nsc.typechecker.Typers$Typer.$anonfun$enterSyms$1(Typers.scala:1941)
	at scala.tools.nsc.typechecker.Typers$Typer.enterSyms(Typers.scala:1941)
	at scala.tools.nsc.typechecker.Typers$Typer.typedTemplate(Typers.scala:2003)
	at scala.tools.nsc.typechecker.Typers$Typer.typedModuleDef(Typers.scala:1896)
	at scala.tools.nsc.typechecker.Typers$Typer.typed1(Typers.scala:5647)
	at scala.tools.nsc.typechecker.Typers$Typer.typed(Typers.scala:5726)
	at scala.tools.nsc.typechecker.Typers$Typer.typedStat$1(Typers.scala:5790)
	at scala.tools.nsc.typechecker.Typers$Typer.$anonfun$typedStats$10(Typers.scala:3373)
	at scala.tools.nsc.typechecker.Typers$Typer.typedStats(Typers.scala:3373)
	at scala.tools.nsc.typechecker.Typers$Typer.typedPackageDef$1(Typers.scala:5356)
	at scala.tools.nsc.typechecker.Typers$Typer.typed1(Typers.scala:5649)
	at scala.tools.nsc.typechecker.Typers$Typer.typed(Typers.scala:5726)
	at scala.tools.nsc.typechecker.Analyzer$typerFactory$TyperPhase.apply(Analyzer.scala:114)
	at scala.tools.nsc.Global$GlobalPhase.applyPhase(Global.scala:448)
	at scala.tools.nsc.interactive.Global$TyperRun.$anonfun$applyPhase$1(Global.scala:1340)
	at scala.tools.nsc.interactive.Global$TyperRun.applyPhase(Global.scala:1340)
	at scala.tools.nsc.interactive.Global$TyperRun.typeCheck(Global.scala:1333)
	at scala.tools.nsc.interactive.Global.typeCheck(Global.scala:665)
	at scala.tools.nsc.interactive.Global.typedTreeAt(Global.scala:814)
	at scala.tools.nsc.interactive.Global.completionsAt(Global.scala:1225)
	at scala.meta.internal.pc.CompletionProvider.safeCompletionsAt(CompletionProvider.scala:353)
	at scala.meta.internal.pc.CompletionProvider.completions(CompletionProvider.scala:47)

Jun 09, 2019 12:46:34 PM org.eclipse.lsp4j.jsonrpc.RemoteEndpoint handleCancellation
WARNING: Unmatched cancel notification for request id 1420
something's wrong: no file:///home/grahamingokho/code/airtime-fsm/src/main/scala/com/janikibichi/Main.scala in scala.concurrent.Future[akka.http.scaladsl.Http.ServerBinding]RangePosition(file:///home/grahamingokho/code/airtime-fsm/src/main/scala/com/janikibichi/Main.scala, 743, 743, 764)
Jun 09, 2019 12:49:31 PM scala.meta.internal.pc.CompilerAccess handleError
SEVERE: null
java.lang.NullPointerException
	at scala.meta.internal.pc.HoverProvider.hover(HoverProvider.scala:37)

Jun 09, 2019 12:50:27 PM scala.meta.internal.pc.CompilerAccess handleError
SEVERE: null
java.lang.NullPointerException
	at scala.meta.internal.pc.HoverProvider.hover(HoverProvider.scala:37)

Jun 09, 2019 12:51:12 PM scala.meta.internal.pc.CompletionProvider expected$1
WARNING: String index out of range: -1
something's wrong: no file:///home/grahamingokho/code/airtime-fsm/src/main/scala/com/janikibichi/models/Distributor.scala in Vector[com.janikibichi.models.Distributor.Menu]RangePosition(file:///home/grahamingokho/code/airtime-fsm/src/main/scala/com/janikibichi/models/Distributor.scala, 644, 644, 656)
Jun 09, 2019 12:59:44 PM scala.meta.internal.pc.CompilerAccess retryWithCleanCompiler
INFO: compiler crashed due to an error in the Scala compiler, retrying with new compiler instance.
Jun 09, 2019 12:59:44 PM scala.meta.internal.pc.CompilerAccess handleError
SEVERE: implicit class <error> extends  (of class scala.reflect.internal.Trees$ClassDef)
scala.MatchError: implicit class <error> extends  (of class scala.reflect.internal.Trees$ClassDef)
	at scala.tools.nsc.typechecker.Unapplies.constrParamss(Unapplies.scala:64)
	at scala.tools.nsc.typechecker.Unapplies.factoryMeth(Unapplies.scala:141)
	at scala.tools.nsc.typechecker.Unapplies.factoryMeth$(Unapplies.scala:138)
	at scala.meta.internal.pc.MetalsGlobal$$anon$1.factoryMeth(MetalsGlobal.scala:38)
	at scala.tools.nsc.typechecker.MethodSynthesis$MethodSynth.enterImplicitWrapper(MethodSynthesis.scala:231)
	at scala.tools.nsc.typechecker.MethodSynthesis$MethodSynth.enterImplicitWrapper$(MethodSynthesis.scala:230)
	at scala.tools.nsc.typechecker.Namers$Namer.enterImplicitWrapper(Namers.scala:58)
	at scala.tools.nsc.interactive.InteractiveAnalyzer$InteractiveNamer.enterExistingSym(Global.scala:94)
	at scala.tools.nsc.interactive.InteractiveAnalyzer$InteractiveNamer.enterExistingSym$(Global.scala:80)
	at scala.tools.nsc.interactive.InteractiveAnalyzer$$anon$2.enterExistingSym(Global.scala:51)
	at scala.tools.nsc.typechecker.Namers$Namer.standardEnterSym(Namers.scala:294)
	at scala.tools.nsc.typechecker.AnalyzerPlugins.pluginsEnterSym(AnalyzerPlugins.scala:461)
	at scala.tools.nsc.typechecker.AnalyzerPlugins.pluginsEnterSym$(AnalyzerPlugins.scala:460)
	at scala.meta.internal.pc.MetalsGlobal$$anon$1.pluginsEnterSym(MetalsGlobal.scala:38)
	at scala.tools.nsc.typechecker.Namers$Namer.enterSym(Namers.scala:268)
	at scala.tools.nsc.typechecker.Typers$Typer.enterSym(Typers.scala:1946)
	at scala.tools.nsc.typechecker.Typers$Typer.$anonfun$enterSyms$1(Typers.scala:1941)
	at scala.tools.nsc.typechecker.Typers$Typer.enterSyms(Typers.scala:1941)
	at scala.tools.nsc.typechecker.Typers$Typer.typedTemplate(Typers.scala:2003)
	at scala.tools.nsc.typechecker.Typers$Typer.typedClassDef(Typers.scala:1843)
	at scala.tools.nsc.typechecker.Typers$Typer.typed1(Typers.scala:5646)
	at scala.tools.nsc.typechecker.Typers$Typer.typed(Typers.scala:5726)
	at scala.tools.nsc.typechecker.Typers$Typer.typedStat$1(Typers.scala:5790)
	at scala.tools.nsc.typechecker.Typers$Typer.$anonfun$typedStats$10(Typers.scala:3373)
	at scala.tools.nsc.typechecker.Typers$Typer.typedStats(Typers.scala:3373)
	at scala.tools.nsc.typechecker.Typers$Typer.typedPackageDef$1(Typers.scala:5356)
	at scala.tools.nsc.typechecker.Typers$Typer.typed1(Typers.scala:5649)
	at scala.tools.nsc.typechecker.Typers$Typer.typed(Typers.scala:5726)
	at scala.tools.nsc.typechecker.Analyzer$typerFactory$TyperPhase.apply(Analyzer.scala:114)
	at scala.tools.nsc.Global$GlobalPhase.applyPhase(Global.scala:448)
	at scala.tools.nsc.interactive.Global$TyperRun.$anonfun$applyPhase$1(Global.scala:1340)
	at scala.tools.nsc.interactive.Global$TyperRun.applyPhase(Global.scala:1340)
	at scala.tools.nsc.interactive.Global$TyperRun.typeCheck(Global.scala:1333)
	at scala.tools.nsc.interactive.Global.typeCheck(Global.scala:665)
	at scala.tools.nsc.interactive.Global.typedTreeAt(Global.scala:814)
	at scala.tools.nsc.interactive.Global.completionsAt(Global.scala:1225)
	at scala.meta.internal.pc.CompletionProvider.safeCompletionsAt(CompletionProvider.scala:353)
	at scala.meta.internal.pc.CompletionProvider.completions(CompletionProvider.scala:47)

Jun 09, 2019 1:03:29 PM scala.meta.internal.pc.CompilerAccess retryWithCleanCompiler
INFO: compiler crashed due to an error in the Scala compiler, retrying with new compiler instance.
Jun 09, 2019 1:03:29 PM scala.meta.internal.pc.CompilerAccess handleError
SEVERE: implicit class <error> extends  (of class scala.reflect.internal.Trees$ClassDef)
scala.MatchError: implicit class <error> extends  (of class scala.reflect.internal.Trees$ClassDef)
	at scala.tools.nsc.typechecker.Unapplies.constrParamss(Unapplies.scala:64)
	at scala.tools.nsc.typechecker.Unapplies.factoryMeth(Unapplies.scala:141)
	at scala.tools.nsc.typechecker.Unapplies.factoryMeth$(Unapplies.scala:138)
	at scala.meta.internal.pc.MetalsGlobal$$anon$1.factoryMeth(MetalsGlobal.scala:38)
	at scala.tools.nsc.typechecker.MethodSynthesis$MethodSynth.enterImplicitWrapper(MethodSynthesis.scala:231)
	at scala.tools.nsc.typechecker.MethodSynthesis$MethodSynth.enterImplicitWrapper$(MethodSynthesis.scala:230)
	at scala.tools.nsc.typechecker.Namers$Namer.enterImplicitWrapper(Namers.scala:58)
	at scala.tools.nsc.interactive.InteractiveAnalyzer$InteractiveNamer.enterExistingSym(Global.scala:94)
	at scala.tools.nsc.interactive.InteractiveAnalyzer$InteractiveNamer.enterExistingSym$(Global.scala:80)
	at scala.tools.nsc.interactive.InteractiveAnalyzer$$anon$2.enterExistingSym(Global.scala:51)
	at scala.tools.nsc.typechecker.Namers$Namer.standardEnterSym(Namers.scala:294)
	at scala.tools.nsc.typechecker.AnalyzerPlugins.pluginsEnterSym(AnalyzerPlugins.scala:461)
	at scala.tools.nsc.typechecker.AnalyzerPlugins.pluginsEnterSym$(AnalyzerPlugins.scala:460)
	at scala.meta.internal.pc.MetalsGlobal$$anon$1.pluginsEnterSym(MetalsGlobal.scala:38)
	at scala.tools.nsc.typechecker.Namers$Namer.enterSym(Namers.scala:268)
	at scala.tools.nsc.typechecker.Typers$Typer.enterSym(Typers.scala:1946)
	at scala.tools.nsc.typechecker.Typers$Typer.$anonfun$enterSyms$1(Typers.scala:1941)
	at scala.tools.nsc.typechecker.Typers$Typer.enterSyms(Typers.scala:1941)
	at scala.tools.nsc.typechecker.Typers$Typer.typedTemplate(Typers.scala:2003)
	at scala.tools.nsc.typechecker.Typers$Typer.typedClassDef(Typers.scala:1843)
	at scala.tools.nsc.typechecker.Typers$Typer.typed1(Typers.scala:5646)
	at scala.tools.nsc.typechecker.Typers$Typer.typed(Typers.scala:5726)
	at scala.tools.nsc.typechecker.Typers$Typer.typedStat$1(Typers.scala:5790)
	at scala.tools.nsc.typechecker.Typers$Typer.$anonfun$typedStats$10(Typers.scala:3373)
	at scala.tools.nsc.typechecker.Typers$Typer.typedStats(Typers.scala:3373)
	at scala.tools.nsc.typechecker.Typers$Typer.typedPackageDef$1(Typers.scala:5356)
	at scala.tools.nsc.typechecker.Typers$Typer.typed1(Typers.scala:5649)
	at scala.tools.nsc.typechecker.Typers$Typer.typed(Typers.scala:5726)
	at scala.tools.nsc.typechecker.Analyzer$typerFactory$TyperPhase.apply(Analyzer.scala:114)
	at scala.tools.nsc.Global$GlobalPhase.applyPhase(Global.scala:448)
	at scala.tools.nsc.interactive.Global$TyperRun.$anonfun$applyPhase$1(Global.scala:1340)
	at scala.tools.nsc.interactive.Global$TyperRun.applyPhase(Global.scala:1340)
	at scala.tools.nsc.interactive.Global$TyperRun.typeCheck(Global.scala:1333)
	at scala.tools.nsc.interactive.Global.typeCheck(Global.scala:665)
	at scala.tools.nsc.interactive.Global.typedTreeAt(Global.scala:814)
	at scala.tools.nsc.interactive.Global.completionsAt(Global.scala:1225)
	at scala.meta.internal.pc.CompletionProvider.safeCompletionsAt(CompletionProvider.scala:353)
	at scala.meta.internal.pc.CompletionProvider.completions(CompletionProvider.scala:47)

something's wrong: no file:///home/grahamingokho/code/airtime-fsm/src/main/scala/com/janikibichi/Main.scala in scala.concurrent.Future[akka.http.scaladsl.Http.ServerBinding]RangePosition(file:///home/grahamingokho/code/airtime-fsm/src/main/scala/com/janikibichi/Main.scala, 743, 743, 764)
Jun 09, 2019 1:09:14 PM scala.meta.internal.pc.CompilerAccess retryWithCleanCompiler
INFO: compiler crashed due to an error in the Scala compiler, retrying with new compiler instance.
Jun 09, 2019 1:09:14 PM scala.meta.internal.pc.CompilerAccess handleError
SEVERE: implicit class <error> extends  (of class scala.reflect.internal.Trees$ClassDef)
scala.MatchError: implicit class <error> extends  (of class scala.reflect.internal.Trees$ClassDef)
	at scala.tools.nsc.typechecker.Unapplies.constrParamss(Unapplies.scala:64)
	at scala.tools.nsc.typechecker.Unapplies.factoryMeth(Unapplies.scala:141)
	at scala.tools.nsc.typechecker.Unapplies.factoryMeth$(Unapplies.scala:138)
	at scala.meta.internal.pc.MetalsGlobal$$anon$1.factoryMeth(MetalsGlobal.scala:38)
	at scala.tools.nsc.typechecker.MethodSynthesis$MethodSynth.enterImplicitWrapper(MethodSynthesis.scala:231)
	at scala.tools.nsc.typechecker.MethodSynthesis$MethodSynth.enterImplicitWrapper$(MethodSynthesis.scala:230)
	at scala.tools.nsc.typechecker.Namers$Namer.enterImplicitWrapper(Namers.scala:58)
	at scala.tools.nsc.interactive.InteractiveAnalyzer$InteractiveNamer.enterExistingSym(Global.scala:94)
	at scala.tools.nsc.interactive.InteractiveAnalyzer$InteractiveNamer.enterExistingSym$(Global.scala:80)
	at scala.tools.nsc.interactive.InteractiveAnalyzer$$anon$2.enterExistingSym(Global.scala:51)
	at scala.tools.nsc.typechecker.Namers$Namer.standardEnterSym(Namers.scala:294)
	at scala.tools.nsc.typechecker.AnalyzerPlugins.pluginsEnterSym(AnalyzerPlugins.scala:461)
	at scala.tools.nsc.typechecker.AnalyzerPlugins.pluginsEnterSym$(AnalyzerPlugins.scala:460)
	at scala.meta.internal.pc.MetalsGlobal$$anon$1.pluginsEnterSym(MetalsGlobal.scala:38)
	at scala.tools.nsc.typechecker.Namers$Namer.enterSym(Namers.scala:268)
	at scala.tools.nsc.typechecker.Typers$Typer.enterSym(Typers.scala:1946)
	at scala.tools.nsc.typechecker.Typers$Typer.$anonfun$enterSyms$1(Typers.scala:1941)
	at scala.tools.nsc.typechecker.Typers$Typer.enterSyms(Typers.scala:1941)
	at scala.tools.nsc.typechecker.Typers$Typer.typedTemplate(Typers.scala:2003)
	at scala.tools.nsc.typechecker.Typers$Typer.typedClassDef(Typers.scala:1843)
	at scala.tools.nsc.typechecker.Typers$Typer.typed1(Typers.scala:5646)
	at scala.tools.nsc.typechecker.Typers$Typer.typed(Typers.scala:5726)
	at scala.tools.nsc.typechecker.Typers$Typer.typedStat$1(Typers.scala:5790)
	at scala.tools.nsc.typechecker.Typers$Typer.$anonfun$typedStats$10(Typers.scala:3373)
	at scala.tools.nsc.typechecker.Typers$Typer.typedStats(Typers.scala:3373)
	at scala.tools.nsc.typechecker.Typers$Typer.typedPackageDef$1(Typers.scala:5356)
	at scala.tools.nsc.typechecker.Typers$Typer.typed1(Typers.scala:5649)
	at scala.tools.nsc.typechecker.Typers$Typer.typed(Typers.scala:5726)
	at scala.tools.nsc.typechecker.Analyzer$typerFactory$TyperPhase.apply(Analyzer.scala:114)
	at scala.tools.nsc.Global$GlobalPhase.applyPhase(Global.scala:448)
	at scala.tools.nsc.interactive.Global$TyperRun.$anonfun$applyPhase$1(Global.scala:1340)
	at scala.tools.nsc.interactive.Global$TyperRun.applyPhase(Global.scala:1340)
	at scala.tools.nsc.interactive.Global$TyperRun.typeCheck(Global.scala:1333)
	at scala.tools.nsc.interactive.Global.typeCheck(Global.scala:665)
	at scala.tools.nsc.interactive.Global.typedTreeAt(Global.scala:814)
	at scala.tools.nsc.interactive.Global.completionsAt(Global.scala:1225)
	at scala.meta.internal.pc.CompletionProvider.safeCompletionsAt(CompletionProvider.scala:353)
	at scala.meta.internal.pc.CompletionProvider.completions(CompletionProvider.scala:47)

Jun 09, 2019 1:22:02 PM scala.meta.internal.pc.CompilerAccess handleError
SEVERE: null
java.lang.NullPointerException
	at scala.meta.internal.pc.HoverProvider.seenFromType(HoverProvider.scala:106)
	at scala.meta.internal.pc.HoverProvider.hover(HoverProvider.scala:42)

Jun 09, 2019 1:25:35 PM scala.meta.internal.pc.CompilerAccess handleError
SEVERE: null
java.lang.NullPointerException
	at scala.meta.internal.pc.HoverProvider.hover(HoverProvider.scala:37)

Jun 09, 2019 1:26:34 PM scala.meta.internal.pc.CompilerAccess retryWithCleanCompiler
INFO: compiler crashed due to an error in the Scala compiler, retrying with new compiler instance.
Jun 09, 2019 1:26:34 PM scala.meta.internal.pc.CompilerAccess handleError
SEVERE: implicit class <error> extends  (of class scala.reflect.internal.Trees$ClassDef)
scala.MatchError: implicit class <error> extends  (of class scala.reflect.internal.Trees$ClassDef)
	at scala.tools.nsc.typechecker.Unapplies.constrParamss(Unapplies.scala:64)
	at scala.tools.nsc.typechecker.Unapplies.factoryMeth(Unapplies.scala:141)
	at scala.tools.nsc.typechecker.Unapplies.factoryMeth$(Unapplies.scala:138)
	at scala.meta.internal.pc.MetalsGlobal$$anon$1.factoryMeth(MetalsGlobal.scala:38)
	at scala.tools.nsc.typechecker.MethodSynthesis$MethodSynth.enterImplicitWrapper(MethodSynthesis.scala:231)
	at scala.tools.nsc.typechecker.MethodSynthesis$MethodSynth.enterImplicitWrapper$(MethodSynthesis.scala:230)
	at scala.tools.nsc.typechecker.Namers$Namer.enterImplicitWrapper(Namers.scala:58)
	at scala.tools.nsc.interactive.InteractiveAnalyzer$InteractiveNamer.enterExistingSym(Global.scala:94)
	at scala.tools.nsc.interactive.InteractiveAnalyzer$InteractiveNamer.enterExistingSym$(Global.scala:80)
	at scala.tools.nsc.interactive.InteractiveAnalyzer$$anon$2.enterExistingSym(Global.scala:51)
	at scala.tools.nsc.typechecker.Namers$Namer.standardEnterSym(Namers.scala:294)
	at scala.tools.nsc.typechecker.AnalyzerPlugins.pluginsEnterSym(AnalyzerPlugins.scala:461)
	at scala.tools.nsc.typechecker.AnalyzerPlugins.pluginsEnterSym$(AnalyzerPlugins.scala:460)
	at scala.meta.internal.pc.MetalsGlobal$$anon$1.pluginsEnterSym(MetalsGlobal.scala:38)
	at scala.tools.nsc.typechecker.Namers$Namer.enterSym(Namers.scala:268)
	at scala.tools.nsc.typechecker.Typers$Typer.enterSym(Typers.scala:1946)
	at scala.tools.nsc.typechecker.Typers$Typer.$anonfun$enterSyms$1(Typers.scala:1941)
	at scala.tools.nsc.typechecker.Typers$Typer.enterSyms(Typers.scala:1941)
	at scala.tools.nsc.typechecker.Typers$Typer.typedTemplate(Typers.scala:2003)
	at scala.tools.nsc.typechecker.Typers$Typer.typedClassDef(Typers.scala:1843)
	at scala.tools.nsc.typechecker.Typers$Typer.typed1(Typers.scala:5646)
	at scala.tools.nsc.typechecker.Typers$Typer.typed(Typers.scala:5726)
	at scala.tools.nsc.typechecker.Typers$Typer.typedStat$1(Typers.scala:5790)
	at scala.tools.nsc.typechecker.Typers$Typer.$anonfun$typedStats$10(Typers.scala:3373)
	at scala.tools.nsc.typechecker.Typers$Typer.typedStats(Typers.scala:3373)
	at scala.tools.nsc.typechecker.Typers$Typer.typedPackageDef$1(Typers.scala:5356)
	at scala.tools.nsc.typechecker.Typers$Typer.typed1(Typers.scala:5649)
	at scala.tools.nsc.typechecker.Typers$Typer.typed(Typers.scala:5726)
	at scala.tools.nsc.typechecker.Analyzer$typerFactory$TyperPhase.apply(Analyzer.scala:114)
	at scala.tools.nsc.Global$GlobalPhase.applyPhase(Global.scala:448)
	at scala.tools.nsc.interactive.Global$TyperRun.$anonfun$applyPhase$1(Global.scala:1340)
	at scala.tools.nsc.interactive.Global$TyperRun.applyPhase(Global.scala:1340)
	at scala.tools.nsc.interactive.Global$TyperRun.typeCheck(Global.scala:1333)
	at scala.tools.nsc.interactive.Global.typeCheck(Global.scala:665)
	at scala.tools.nsc.interactive.Global.typedTreeAt(Global.scala:814)
	at scala.tools.nsc.interactive.Global.completionsAt(Global.scala:1225)
	at scala.meta.internal.pc.CompletionProvider.safeCompletionsAt(CompletionProvider.scala:353)
	at scala.meta.internal.pc.CompletionProvider.completions(CompletionProvider.scala:47)

Jun 09, 2019 1:26:36 PM scala.meta.internal.pc.CompilerAccess retryWithCleanCompiler
INFO: compiler crashed due to an error in the Scala compiler, retrying with new compiler instance.
Jun 09, 2019 1:26:36 PM scala.meta.internal.pc.CompilerAccess handleError
SEVERE: implicit class <error> extends  (of class scala.reflect.internal.Trees$ClassDef)
scala.MatchError: implicit class <error> extends  (of class scala.reflect.internal.Trees$ClassDef)
	at scala.tools.nsc.typechecker.Unapplies.constrParamss(Unapplies.scala:64)
	at scala.tools.nsc.typechecker.Unapplies.factoryMeth(Unapplies.scala:141)
	at scala.tools.nsc.typechecker.Unapplies.factoryMeth$(Unapplies.scala:138)
	at scala.meta.internal.pc.MetalsGlobal$$anon$1.factoryMeth(MetalsGlobal.scala:38)
	at scala.tools.nsc.typechecker.MethodSynthesis$MethodSynth.enterImplicitWrapper(MethodSynthesis.scala:231)
	at scala.tools.nsc.typechecker.MethodSynthesis$MethodSynth.enterImplicitWrapper$(MethodSynthesis.scala:230)
	at scala.tools.nsc.typechecker.Namers$Namer.enterImplicitWrapper(Namers.scala:58)
	at scala.tools.nsc.interactive.InteractiveAnalyzer$InteractiveNamer.enterExistingSym(Global.scala:94)
	at scala.tools.nsc.interactive.InteractiveAnalyzer$InteractiveNamer.enterExistingSym$(Global.scala:80)
	at scala.tools.nsc.interactive.InteractiveAnalyzer$$anon$2.enterExistingSym(Global.scala:51)
	at scala.tools.nsc.typechecker.Namers$Namer.standardEnterSym(Namers.scala:294)
	at scala.tools.nsc.typechecker.AnalyzerPlugins.pluginsEnterSym(AnalyzerPlugins.scala:461)
	at scala.tools.nsc.typechecker.AnalyzerPlugins.pluginsEnterSym$(AnalyzerPlugins.scala:460)
	at scala.meta.internal.pc.MetalsGlobal$$anon$1.pluginsEnterSym(MetalsGlobal.scala:38)
	at scala.tools.nsc.typechecker.Namers$Namer.enterSym(Namers.scala:268)
	at scala.tools.nsc.typechecker.Typers$Typer.enterSym(Typers.scala:1946)
	at scala.tools.nsc.typechecker.Typers$Typer.$anonfun$enterSyms$1(Typers.scala:1941)
	at scala.tools.nsc.typechecker.Typers$Typer.enterSyms(Typers.scala:1941)
	at scala.tools.nsc.typechecker.Typers$Typer.typedTemplate(Typers.scala:2003)
	at scala.tools.nsc.typechecker.Typers$Typer.typedClassDef(Typers.scala:1843)
	at scala.tools.nsc.typechecker.Typers$Typer.typed1(Typers.scala:5646)
	at scala.tools.nsc.typechecker.Typers$Typer.typed(Typers.scala:5726)
	at scala.tools.nsc.typechecker.Typers$Typer.typedStat$1(Typers.scala:5790)
	at scala.tools.nsc.typechecker.Typers$Typer.$anonfun$typedStats$10(Typers.scala:3373)
	at scala.tools.nsc.typechecker.Typers$Typer.typedStats(Typers.scala:3373)
	at scala.tools.nsc.typechecker.Typers$Typer.typedPackageDef$1(Typers.scala:5356)
	at scala.tools.nsc.typechecker.Typers$Typer.typed1(Typers.scala:5649)
	at scala.tools.nsc.typechecker.Typers$Typer.typed(Typers.scala:5726)
	at scala.tools.nsc.typechecker.Analyzer$typerFactory$TyperPhase.apply(Analyzer.scala:114)
	at scala.tools.nsc.Global$GlobalPhase.applyPhase(Global.scala:448)
	at scala.tools.nsc.interactive.Global$TyperRun.$anonfun$applyPhase$1(Global.scala:1340)
	at scala.tools.nsc.interactive.Global$TyperRun.applyPhase(Global.scala:1340)
	at scala.tools.nsc.interactive.Global$TyperRun.typeCheck(Global.scala:1333)
	at scala.tools.nsc.interactive.Global.typeCheck(Global.scala:665)
	at scala.tools.nsc.interactive.Global.typedTreeAt(Global.scala:814)
	at scala.tools.nsc.interactive.Global.completionsAt(Global.scala:1225)
	at scala.meta.internal.pc.CompletionProvider.safeCompletionsAt(CompletionProvider.scala:353)
	at scala.meta.internal.pc.CompletionProvider.completions(CompletionProvider.scala:47)

Jun 09, 2019 1:26:37 PM scala.meta.internal.pc.CompilerAccess retryWithCleanCompiler
INFO: compiler crashed due to an error in the Scala compiler, retrying with new compiler instance.
Jun 09, 2019 1:26:37 PM scala.meta.internal.pc.CompilerAccess handleError
SEVERE: implicit class <error> extends  (of class scala.reflect.internal.Trees$ClassDef)
scala.MatchError: implicit class <error> extends  (of class scala.reflect.internal.Trees$ClassDef)
	at scala.tools.nsc.typechecker.Unapplies.constrParamss(Unapplies.scala:64)
	at scala.tools.nsc.typechecker.Unapplies.factoryMeth(Unapplies.scala:141)
	at scala.tools.nsc.typechecker.Unapplies.factoryMeth$(Unapplies.scala:138)
	at scala.meta.internal.pc.MetalsGlobal$$anon$1.factoryMeth(MetalsGlobal.scala:38)
	at scala.tools.nsc.typechecker.MethodSynthesis$MethodSynth.enterImplicitWrapper(MethodSynthesis.scala:231)
	at scala.tools.nsc.typechecker.MethodSynthesis$MethodSynth.enterImplicitWrapper$(MethodSynthesis.scala:230)
	at scala.tools.nsc.typechecker.Namers$Namer.enterImplicitWrapper(Namers.scala:58)
	at scala.tools.nsc.interactive.InteractiveAnalyzer$InteractiveNamer.enterExistingSym(Global.scala:94)
	at scala.tools.nsc.interactive.InteractiveAnalyzer$InteractiveNamer.enterExistingSym$(Global.scala:80)
	at scala.tools.nsc.interactive.InteractiveAnalyzer$$anon$2.enterExistingSym(Global.scala:51)
	at scala.tools.nsc.typechecker.Namers$Namer.standardEnterSym(Namers.scala:294)
	at scala.tools.nsc.typechecker.AnalyzerPlugins.pluginsEnterSym(AnalyzerPlugins.scala:461)
	at scala.tools.nsc.typechecker.AnalyzerPlugins.pluginsEnterSym$(AnalyzerPlugins.scala:460)
	at scala.meta.internal.pc.MetalsGlobal$$anon$1.pluginsEnterSym(MetalsGlobal.scala:38)
	at scala.tools.nsc.typechecker.Namers$Namer.enterSym(Namers.scala:268)
	at scala.tools.nsc.typechecker.Typers$Typer.enterSym(Typers.scala:1946)
	at scala.tools.nsc.typechecker.Typers$Typer.$anonfun$enterSyms$1(Typers.scala:1941)
	at scala.tools.nsc.typechecker.Typers$Typer.enterSyms(Typers.scala:1941)
	at scala.tools.nsc.typechecker.Typers$Typer.typedTemplate(Typers.scala:2003)
	at scala.tools.nsc.typechecker.Typers$Typer.typedClassDef(Typers.scala:1843)
	at scala.tools.nsc.typechecker.Typers$Typer.typed1(Typers.scala:5646)
	at scala.tools.nsc.typechecker.Typers$Typer.typed(Typers.scala:5726)
	at scala.tools.nsc.typechecker.Typers$Typer.typedStat$1(Typers.scala:5790)
	at scala.tools.nsc.typechecker.Typers$Typer.$anonfun$typedStats$10(Typers.scala:3373)
	at scala.tools.nsc.typechecker.Typers$Typer.typedStats(Typers.scala:3373)
	at scala.tools.nsc.typechecker.Typers$Typer.typedPackageDef$1(Typers.scala:5356)
	at scala.tools.nsc.typechecker.Typers$Typer.typed1(Typers.scala:5649)
	at scala.tools.nsc.typechecker.Typers$Typer.typed(Typers.scala:5726)
	at scala.tools.nsc.typechecker.Analyzer$typerFactory$TyperPhase.apply(Analyzer.scala:114)
	at scala.tools.nsc.Global$GlobalPhase.applyPhase(Global.scala:448)
	at scala.tools.nsc.interactive.Global$TyperRun.$anonfun$applyPhase$1(Global.scala:1340)
	at scala.tools.nsc.interactive.Global$TyperRun.applyPhase(Global.scala:1340)
	at scala.tools.nsc.interactive.Global$TyperRun.typeCheck(Global.scala:1333)
	at scala.tools.nsc.interactive.Global.typeCheck(Global.scala:665)
	at scala.tools.nsc.interactive.Global.typedTreeAt(Global.scala:814)
	at scala.tools.nsc.interactive.Global.completionsAt(Global.scala:1225)
	at scala.meta.internal.pc.CompletionProvider.safeCompletionsAt(CompletionProvider.scala:353)
	at scala.meta.internal.pc.CompletionProvider.completions(CompletionProvider.scala:47)

Jun 09, 2019 1:26:38 PM scala.meta.internal.pc.CompilerAccess retryWithCleanCompiler
INFO: compiler crashed due to an error in the Scala compiler, retrying with new compiler instance.
Jun 09, 2019 1:26:38 PM scala.meta.internal.pc.CompilerAccess handleError
SEVERE: implicit class <error> extends  (of class scala.reflect.internal.Trees$ClassDef)
scala.MatchError: implicit class <error> extends  (of class scala.reflect.internal.Trees$ClassDef)
	at scala.tools.nsc.typechecker.Unapplies.constrParamss(Unapplies.scala:64)
	at scala.tools.nsc.typechecker.Unapplies.factoryMeth(Unapplies.scala:141)
	at scala.tools.nsc.typechecker.Unapplies.factoryMeth$(Unapplies.scala:138)
	at scala.meta.internal.pc.MetalsGlobal$$anon$1.factoryMeth(MetalsGlobal.scala:38)
	at scala.tools.nsc.typechecker.MethodSynthesis$MethodSynth.enterImplicitWrapper(MethodSynthesis.scala:231)
	at scala.tools.nsc.typechecker.MethodSynthesis$MethodSynth.enterImplicitWrapper$(MethodSynthesis.scala:230)
	at scala.tools.nsc.typechecker.Namers$Namer.enterImplicitWrapper(Namers.scala:58)
	at scala.tools.nsc.interactive.InteractiveAnalyzer$InteractiveNamer.enterExistingSym(Global.scala:94)
	at scala.tools.nsc.interactive.InteractiveAnalyzer$InteractiveNamer.enterExistingSym$(Global.scala:80)
	at scala.tools.nsc.interactive.InteractiveAnalyzer$$anon$2.enterExistingSym(Global.scala:51)
	at scala.tools.nsc.typechecker.Namers$Namer.standardEnterSym(Namers.scala:294)
	at scala.tools.nsc.typechecker.AnalyzerPlugins.pluginsEnterSym(AnalyzerPlugins.scala:461)
	at scala.tools.nsc.typechecker.AnalyzerPlugins.pluginsEnterSym$(AnalyzerPlugins.scala:460)
	at scala.meta.internal.pc.MetalsGlobal$$anon$1.pluginsEnterSym(MetalsGlobal.scala:38)
	at scala.tools.nsc.typechecker.Namers$Namer.enterSym(Namers.scala:268)
	at scala.tools.nsc.typechecker.Typers$Typer.enterSym(Typers.scala:1946)
	at scala.tools.nsc.typechecker.Typers$Typer.$anonfun$enterSyms$1(Typers.scala:1941)
	at scala.tools.nsc.typechecker.Typers$Typer.enterSyms(Typers.scala:1941)
	at scala.tools.nsc.typechecker.Typers$Typer.typedTemplate(Typers.scala:2003)
	at scala.tools.nsc.typechecker.Typers$Typer.typedClassDef(Typers.scala:1843)
	at scala.tools.nsc.typechecker.Typers$Typer.typed1(Typers.scala:5646)
	at scala.tools.nsc.typechecker.Typers$Typer.typed(Typers.scala:5726)
	at scala.tools.nsc.typechecker.Typers$Typer.typedStat$1(Typers.scala:5790)
	at scala.tools.nsc.typechecker.Typers$Typer.$anonfun$typedStats$10(Typers.scala:3373)
	at scala.tools.nsc.typechecker.Typers$Typer.typedStats(Typers.scala:3373)
	at scala.tools.nsc.typechecker.Typers$Typer.typedPackageDef$1(Typers.scala:5356)
	at scala.tools.nsc.typechecker.Typers$Typer.typed1(Typers.scala:5649)
	at scala.tools.nsc.typechecker.Typers$Typer.typed(Typers.scala:5726)
	at scala.tools.nsc.typechecker.Analyzer$typerFactory$TyperPhase.apply(Analyzer.scala:114)
	at scala.tools.nsc.Global$GlobalPhase.applyPhase(Global.scala:448)
	at scala.tools.nsc.interactive.Global$TyperRun.$anonfun$applyPhase$1(Global.scala:1340)
	at scala.tools.nsc.interactive.Global$TyperRun.applyPhase(Global.scala:1340)
	at scala.tools.nsc.interactive.Global$TyperRun.typeCheck(Global.scala:1333)
	at scala.tools.nsc.interactive.Global.typeCheck(Global.scala:665)
	at scala.tools.nsc.interactive.Global.typedTreeAt(Global.scala:814)
	at scala.tools.nsc.interactive.Global.completionsAt(Global.scala:1225)
	at scala.meta.internal.pc.CompletionProvider.safeCompletionsAt(CompletionProvider.scala:353)
	at scala.meta.internal.pc.CompletionProvider.completions(CompletionProvider.scala:47)

Jun 09, 2019 1:26:43 PM scala.meta.internal.pc.CompilerAccess retryWithCleanCompiler
INFO: compiler crashed due to an error in the Scala compiler, retrying with new compiler instance.
Jun 09, 2019 1:26:43 PM scala.meta.internal.pc.CompilerAccess handleError
SEVERE: implicit class <error> extends  (of class scala.reflect.internal.Trees$ClassDef)
scala.MatchError: implicit class <error> extends  (of class scala.reflect.internal.Trees$ClassDef)
	at scala.tools.nsc.typechecker.Unapplies.constrParamss(Unapplies.scala:64)
	at scala.tools.nsc.typechecker.Unapplies.factoryMeth(Unapplies.scala:141)
	at scala.tools.nsc.typechecker.Unapplies.factoryMeth$(Unapplies.scala:138)
	at scala.meta.internal.pc.MetalsGlobal$$anon$1.factoryMeth(MetalsGlobal.scala:38)
	at scala.tools.nsc.typechecker.MethodSynthesis$MethodSynth.enterImplicitWrapper(MethodSynthesis.scala:231)
	at scala.tools.nsc.typechecker.MethodSynthesis$MethodSynth.enterImplicitWrapper$(MethodSynthesis.scala:230)
	at scala.tools.nsc.typechecker.Namers$Namer.enterImplicitWrapper(Namers.scala:58)
	at scala.tools.nsc.interactive.InteractiveAnalyzer$InteractiveNamer.enterExistingSym(Global.scala:94)
	at scala.tools.nsc.interactive.InteractiveAnalyzer$InteractiveNamer.enterExistingSym$(Global.scala:80)
	at scala.tools.nsc.interactive.InteractiveAnalyzer$$anon$2.enterExistingSym(Global.scala:51)
	at scala.tools.nsc.typechecker.Namers$Namer.standardEnterSym(Namers.scala:294)
	at scala.tools.nsc.typechecker.AnalyzerPlugins.pluginsEnterSym(AnalyzerPlugins.scala:461)
	at scala.tools.nsc.typechecker.AnalyzerPlugins.pluginsEnterSym$(AnalyzerPlugins.scala:460)
	at scala.meta.internal.pc.MetalsGlobal$$anon$1.pluginsEnterSym(MetalsGlobal.scala:38)
	at scala.tools.nsc.typechecker.Namers$Namer.enterSym(Namers.scala:268)
	at scala.tools.nsc.typechecker.Typers$Typer.enterSym(Typers.scala:1946)
	at scala.tools.nsc.typechecker.Typers$Typer.$anonfun$enterSyms$1(Typers.scala:1941)
	at scala.tools.nsc.typechecker.Typers$Typer.enterSyms(Typers.scala:1941)
	at scala.tools.nsc.typechecker.Typers$Typer.typedTemplate(Typers.scala:2003)
	at scala.tools.nsc.typechecker.Typers$Typer.typedClassDef(Typers.scala:1843)
	at scala.tools.nsc.typechecker.Typers$Typer.typed1(Typers.scala:5646)
	at scala.tools.nsc.typechecker.Typers$Typer.typed(Typers.scala:5726)
	at scala.tools.nsc.typechecker.Typers$Typer.typedStat$1(Typers.scala:5790)
	at scala.tools.nsc.typechecker.Typers$Typer.$anonfun$typedStats$10(Typers.scala:3373)
	at scala.tools.nsc.typechecker.Typers$Typer.typedStats(Typers.scala:3373)
	at scala.tools.nsc.typechecker.Typers$Typer.typedPackageDef$1(Typers.scala:5356)
	at scala.tools.nsc.typechecker.Typers$Typer.typed1(Typers.scala:5649)
	at scala.tools.nsc.typechecker.Typers$Typer.typed(Typers.scala:5726)
	at scala.tools.nsc.typechecker.Analyzer$typerFactory$TyperPhase.apply(Analyzer.scala:114)
	at scala.tools.nsc.Global$GlobalPhase.applyPhase(Global.scala:448)
	at scala.tools.nsc.interactive.Global$TyperRun.$anonfun$applyPhase$1(Global.scala:1340)
	at scala.tools.nsc.interactive.Global$TyperRun.applyPhase(Global.scala:1340)
	at scala.tools.nsc.interactive.Global$TyperRun.typeCheck(Global.scala:1333)
	at scala.tools.nsc.interactive.Global.typeCheck(Global.scala:665)
	at scala.tools.nsc.interactive.Global.typedTreeAt(Global.scala:814)
	at scala.tools.nsc.interactive.Global.completionsAt(Global.scala:1225)
	at scala.meta.internal.pc.CompletionProvider.safeCompletionsAt(CompletionProvider.scala:353)
	at scala.meta.internal.pc.CompletionProvider.completions(CompletionProvider.scala:47)

Jun 09, 2019 1:26:48 PM scala.meta.internal.pc.CompilerAccess retryWithCleanCompiler
INFO: compiler crashed due to an error in the Scala compiler, retrying with new compiler instance.
Jun 09, 2019 1:26:48 PM scala.meta.internal.pc.CompilerAccess handleError
SEVERE: implicit class <error> extends  (of class scala.reflect.internal.Trees$ClassDef)
scala.MatchError: implicit class <error> extends  (of class scala.reflect.internal.Trees$ClassDef)
	at scala.tools.nsc.typechecker.Unapplies.constrParamss(Unapplies.scala:64)
	at scala.tools.nsc.typechecker.Unapplies.factoryMeth(Unapplies.scala:141)
	at scala.tools.nsc.typechecker.Unapplies.factoryMeth$(Unapplies.scala:138)
	at scala.meta.internal.pc.MetalsGlobal$$anon$1.factoryMeth(MetalsGlobal.scala:38)
	at scala.tools.nsc.typechecker.MethodSynthesis$MethodSynth.enterImplicitWrapper(MethodSynthesis.scala:231)
	at scala.tools.nsc.typechecker.MethodSynthesis$MethodSynth.enterImplicitWrapper$(MethodSynthesis.scala:230)
	at scala.tools.nsc.typechecker.Namers$Namer.enterImplicitWrapper(Namers.scala:58)
	at scala.tools.nsc.interactive.InteractiveAnalyzer$InteractiveNamer.enterExistingSym(Global.scala:94)
	at scala.tools.nsc.interactive.InteractiveAnalyzer$InteractiveNamer.enterExistingSym$(Global.scala:80)
	at scala.tools.nsc.interactive.InteractiveAnalyzer$$anon$2.enterExistingSym(Global.scala:51)
	at scala.tools.nsc.typechecker.Namers$Namer.standardEnterSym(Namers.scala:294)
	at scala.tools.nsc.typechecker.AnalyzerPlugins.pluginsEnterSym(AnalyzerPlugins.scala:461)
	at scala.tools.nsc.typechecker.AnalyzerPlugins.pluginsEnterSym$(AnalyzerPlugins.scala:460)
	at scala.meta.internal.pc.MetalsGlobal$$anon$1.pluginsEnterSym(MetalsGlobal.scala:38)
	at scala.tools.nsc.typechecker.Namers$Namer.enterSym(Namers.scala:268)
	at scala.tools.nsc.typechecker.Typers$Typer.enterSym(Typers.scala:1946)
	at scala.tools.nsc.typechecker.Typers$Typer.$anonfun$enterSyms$1(Typers.scala:1941)
	at scala.tools.nsc.typechecker.Typers$Typer.enterSyms(Typers.scala:1941)
	at scala.tools.nsc.typechecker.Typers$Typer.typedTemplate(Typers.scala:2003)
	at scala.tools.nsc.typechecker.Typers$Typer.typedClassDef(Typers.scala:1843)
	at scala.tools.nsc.typechecker.Typers$Typer.typed1(Typers.scala:5646)
	at scala.tools.nsc.typechecker.Typers$Typer.typed(Typers.scala:5726)
	at scala.tools.nsc.typechecker.Typers$Typer.typedStat$1(Typers.scala:5790)
	at scala.tools.nsc.typechecker.Typers$Typer.$anonfun$typedStats$10(Typers.scala:3373)
	at scala.tools.nsc.typechecker.Typers$Typer.typedStats(Typers.scala:3373)
	at scala.tools.nsc.typechecker.Typers$Typer.typedPackageDef$1(Typers.scala:5356)
	at scala.tools.nsc.typechecker.Typers$Typer.typed1(Typers.scala:5649)
	at scala.tools.nsc.typechecker.Typers$Typer.typed(Typers.scala:5726)
	at scala.tools.nsc.typechecker.Analyzer$typerFactory$TyperPhase.apply(Analyzer.scala:114)
	at scala.tools.nsc.Global$GlobalPhase.applyPhase(Global.scala:448)
	at scala.tools.nsc.interactive.Global$TyperRun.$anonfun$applyPhase$1(Global.scala:1340)
	at scala.tools.nsc.interactive.Global$TyperRun.applyPhase(Global.scala:1340)
	at scala.tools.nsc.interactive.Global$TyperRun.typeCheck(Global.scala:1333)
	at scala.tools.nsc.interactive.Global.typeCheck(Global.scala:665)
	at scala.tools.nsc.interactive.Global.typedTreeAt(Global.scala:814)
	at scala.meta.internal.pc.HoverProvider.typedHoverTreeAt(HoverProvider.scala:230)
	at scala.meta.internal.pc.HoverProvider.hover(HoverProvider.scala:24)

Jun 09, 2019 1:26:49 PM scala.meta.internal.pc.CompilerAccess retryWithCleanCompiler
INFO: compiler crashed due to an error in the Scala compiler, retrying with new compiler instance.
Jun 09, 2019 1:26:49 PM scala.meta.internal.pc.CompilerAccess handleError
SEVERE: implicit class <error> extends  (of class scala.reflect.internal.Trees$ClassDef)
scala.MatchError: implicit class <error> extends  (of class scala.reflect.internal.Trees$ClassDef)
	at scala.tools.nsc.typechecker.Unapplies.constrParamss(Unapplies.scala:64)
	at scala.tools.nsc.typechecker.Unapplies.factoryMeth(Unapplies.scala:141)
	at scala.tools.nsc.typechecker.Unapplies.factoryMeth$(Unapplies.scala:138)
	at scala.meta.internal.pc.MetalsGlobal$$anon$1.factoryMeth(MetalsGlobal.scala:38)
	at scala.tools.nsc.typechecker.MethodSynthesis$MethodSynth.enterImplicitWrapper(MethodSynthesis.scala:231)
	at scala.tools.nsc.typechecker.MethodSynthesis$MethodSynth.enterImplicitWrapper$(MethodSynthesis.scala:230)
	at scala.tools.nsc.typechecker.Namers$Namer.enterImplicitWrapper(Namers.scala:58)
	at scala.tools.nsc.interactive.InteractiveAnalyzer$InteractiveNamer.enterExistingSym(Global.scala:94)
	at scala.tools.nsc.interactive.InteractiveAnalyzer$InteractiveNamer.enterExistingSym$(Global.scala:80)
	at scala.tools.nsc.interactive.InteractiveAnalyzer$$anon$2.enterExistingSym(Global.scala:51)
	at scala.tools.nsc.typechecker.Namers$Namer.standardEnterSym(Namers.scala:294)
	at scala.tools.nsc.typechecker.AnalyzerPlugins.pluginsEnterSym(AnalyzerPlugins.scala:461)
	at scala.tools.nsc.typechecker.AnalyzerPlugins.pluginsEnterSym$(AnalyzerPlugins.scala:460)
	at scala.meta.internal.pc.MetalsGlobal$$anon$1.pluginsEnterSym(MetalsGlobal.scala:38)
	at scala.tools.nsc.typechecker.Namers$Namer.enterSym(Namers.scala:268)
	at scala.tools.nsc.typechecker.Typers$Typer.enterSym(Typers.scala:1946)
	at scala.tools.nsc.typechecker.Typers$Typer.$anonfun$enterSyms$1(Typers.scala:1941)
	at scala.tools.nsc.typechecker.Typers$Typer.enterSyms(Typers.scala:1941)
	at scala.tools.nsc.typechecker.Typers$Typer.typedTemplate(Typers.scala:2003)
	at scala.tools.nsc.typechecker.Typers$Typer.typedClassDef(Typers.scala:1843)
	at scala.tools.nsc.typechecker.Typers$Typer.typed1(Typers.scala:5646)
	at scala.tools.nsc.typechecker.Typers$Typer.typed(Typers.scala:5726)
	at scala.tools.nsc.typechecker.Typers$Typer.typedStat$1(Typers.scala:5790)
	at scala.tools.nsc.typechecker.Typers$Typer.$anonfun$typedStats$10(Typers.scala:3373)
	at scala.tools.nsc.typechecker.Typers$Typer.typedStats(Typers.scala:3373)
	at scala.tools.nsc.typechecker.Typers$Typer.typedPackageDef$1(Typers.scala:5356)
	at scala.tools.nsc.typechecker.Typers$Typer.typed1(Typers.scala:5649)
	at scala.tools.nsc.typechecker.Typers$Typer.typed(Typers.scala:5726)
	at scala.tools.nsc.typechecker.Analyzer$typerFactory$TyperPhase.apply(Analyzer.scala:114)
	at scala.tools.nsc.Global$GlobalPhase.applyPhase(Global.scala:448)
	at scala.tools.nsc.interactive.Global$TyperRun.$anonfun$applyPhase$1(Global.scala:1340)
	at scala.tools.nsc.interactive.Global$TyperRun.applyPhase(Global.scala:1340)
	at scala.tools.nsc.interactive.Global$TyperRun.typeCheck(Global.scala:1333)
	at scala.tools.nsc.interactive.Global.typeCheck(Global.scala:665)
	at scala.tools.nsc.interactive.Global.typedTreeAt(Global.scala:814)
	at scala.meta.internal.pc.HoverProvider.typedHoverTreeAt(HoverProvider.scala:230)
	at scala.meta.internal.pc.HoverProvider.hover(HoverProvider.scala:24)

Jun 09, 2019 1:27:27 PM scala.meta.internal.pc.CompilerAccess retryWithCleanCompiler
INFO: compiler crashed due to an error in the Scala compiler, retrying with new compiler instance.
Jun 09, 2019 1:27:27 PM scala.meta.internal.pc.CompilerAccess handleError
SEVERE: implicit protected class <error> extends  (of class scala.reflect.internal.Trees$ClassDef)
scala.MatchError: implicit protected class <error> extends  (of class scala.reflect.internal.Trees$ClassDef)
	at scala.tools.nsc.typechecker.Unapplies.constrParamss(Unapplies.scala:64)
	at scala.tools.nsc.typechecker.Unapplies.factoryMeth(Unapplies.scala:141)
	at scala.tools.nsc.typechecker.Unapplies.factoryMeth$(Unapplies.scala:138)
	at scala.meta.internal.pc.MetalsGlobal$$anon$1.factoryMeth(MetalsGlobal.scala:38)
	at scala.tools.nsc.typechecker.MethodSynthesis$MethodSynth.enterImplicitWrapper(MethodSynthesis.scala:231)
	at scala.tools.nsc.typechecker.MethodSynthesis$MethodSynth.enterImplicitWrapper$(MethodSynthesis.scala:230)
	at scala.tools.nsc.typechecker.Namers$Namer.enterImplicitWrapper(Namers.scala:58)
	at scala.tools.nsc.interactive.InteractiveAnalyzer$InteractiveNamer.enterExistingSym(Global.scala:94)
	at scala.tools.nsc.interactive.InteractiveAnalyzer$InteractiveNamer.enterExistingSym$(Global.scala:80)
	at scala.tools.nsc.interactive.InteractiveAnalyzer$$anon$2.enterExistingSym(Global.scala:51)
	at scala.tools.nsc.typechecker.Namers$Namer.standardEnterSym(Namers.scala:294)
	at scala.tools.nsc.typechecker.AnalyzerPlugins.pluginsEnterSym(AnalyzerPlugins.scala:461)
	at scala.tools.nsc.typechecker.AnalyzerPlugins.pluginsEnterSym$(AnalyzerPlugins.scala:460)
	at scala.meta.internal.pc.MetalsGlobal$$anon$1.pluginsEnterSym(MetalsGlobal.scala:38)
	at scala.tools.nsc.typechecker.Namers$Namer.enterSym(Namers.scala:268)
	at scala.tools.nsc.typechecker.Typers$Typer.enterSym(Typers.scala:1946)
	at scala.tools.nsc.typechecker.Typers$Typer.$anonfun$enterSyms$1(Typers.scala:1941)
	at scala.tools.nsc.typechecker.Typers$Typer.enterSyms(Typers.scala:1941)
	at scala.tools.nsc.typechecker.Typers$Typer.typedTemplate(Typers.scala:2003)
	at scala.tools.nsc.typechecker.Typers$Typer.typedClassDef(Typers.scala:1843)
	at scala.tools.nsc.typechecker.Typers$Typer.typed1(Typers.scala:5646)
	at scala.tools.nsc.typechecker.Typers$Typer.typed(Typers.scala:5726)
	at scala.tools.nsc.typechecker.Typers$Typer.typedStat$1(Typers.scala:5790)
	at scala.tools.nsc.typechecker.Typers$Typer.$anonfun$typedStats$10(Typers.scala:3373)
	at scala.tools.nsc.typechecker.Typers$Typer.typedStats(Typers.scala:3373)
	at scala.tools.nsc.typechecker.Typers$Typer.typedPackageDef$1(Typers.scala:5356)
	at scala.tools.nsc.typechecker.Typers$Typer.typed1(Typers.scala:5649)
	at scala.tools.nsc.typechecker.Typers$Typer.typed(Typers.scala:5726)
	at scala.tools.nsc.typechecker.Analyzer$typerFactory$TyperPhase.apply(Analyzer.scala:114)
	at scala.tools.nsc.Global$GlobalPhase.applyPhase(Global.scala:448)
	at scala.tools.nsc.interactive.Global$TyperRun.$anonfun$applyPhase$1(Global.scala:1340)
	at scala.tools.nsc.interactive.Global$TyperRun.applyPhase(Global.scala:1340)
	at scala.tools.nsc.interactive.Global$TyperRun.typeCheck(Global.scala:1333)
	at scala.tools.nsc.interactive.Global.typeCheck(Global.scala:665)
	at scala.tools.nsc.interactive.Global.typedTreeAt(Global.scala:814)
	at scala.tools.nsc.interactive.Global.completionsAt(Global.scala:1225)
	at scala.meta.internal.pc.CompletionProvider.safeCompletionsAt(CompletionProvider.scala:353)
	at scala.meta.internal.pc.CompletionProvider.completions(CompletionProvider.scala:47)

Jun 09, 2019 1:28:10 PM scala.meta.internal.pc.CompilerAccess retryWithCleanCompiler
INFO: compiler crashed due to an error in the Scala compiler, retrying with new compiler instance.
Jun 09, 2019 1:28:10 PM scala.meta.internal.pc.CompilerAccess handleError
SEVERE: implicit class <error> extends  (of class scala.reflect.internal.Trees$ClassDef)
scala.MatchError: implicit class <error> extends  (of class scala.reflect.internal.Trees$ClassDef)
	at scala.tools.nsc.typechecker.Unapplies.constrParamss(Unapplies.scala:64)
	at scala.tools.nsc.typechecker.Unapplies.factoryMeth(Unapplies.scala:141)
	at scala.tools.nsc.typechecker.Unapplies.factoryMeth$(Unapplies.scala:138)
	at scala.meta.internal.pc.MetalsGlobal$$anon$1.factoryMeth(MetalsGlobal.scala:38)
	at scala.tools.nsc.typechecker.MethodSynthesis$MethodSynth.enterImplicitWrapper(MethodSynthesis.scala:231)
	at scala.tools.nsc.typechecker.MethodSynthesis$MethodSynth.enterImplicitWrapper$(MethodSynthesis.scala:230)
	at scala.tools.nsc.typechecker.Namers$Namer.enterImplicitWrapper(Namers.scala:58)
	at scala.tools.nsc.interactive.InteractiveAnalyzer$InteractiveNamer.enterExistingSym(Global.scala:94)
	at scala.tools.nsc.interactive.InteractiveAnalyzer$InteractiveNamer.enterExistingSym$(Global.scala:80)
	at scala.tools.nsc.interactive.InteractiveAnalyzer$$anon$2.enterExistingSym(Global.scala:51)
	at scala.tools.nsc.typechecker.Namers$Namer.standardEnterSym(Namers.scala:294)
	at scala.tools.nsc.typechecker.AnalyzerPlugins.pluginsEnterSym(AnalyzerPlugins.scala:461)
	at scala.tools.nsc.typechecker.AnalyzerPlugins.pluginsEnterSym$(AnalyzerPlugins.scala:460)
	at scala.meta.internal.pc.MetalsGlobal$$anon$1.pluginsEnterSym(MetalsGlobal.scala:38)
	at scala.tools.nsc.typechecker.Namers$Namer.enterSym(Namers.scala:268)
	at scala.tools.nsc.typechecker.Typers$Typer.enterSym(Typers.scala:1946)
	at scala.tools.nsc.typechecker.Typers$Typer.$anonfun$enterSyms$1(Typers.scala:1941)
	at scala.tools.nsc.typechecker.Typers$Typer.enterSyms(Typers.scala:1941)
	at scala.tools.nsc.typechecker.Typers$Typer.typedTemplate(Typers.scala:2003)
	at scala.tools.nsc.typechecker.Typers$Typer.typedClassDef(Typers.scala:1843)
	at scala.tools.nsc.typechecker.Typers$Typer.typed1(Typers.scala:5646)
	at scala.tools.nsc.typechecker.Typers$Typer.typed(Typers.scala:5726)
	at scala.tools.nsc.typechecker.Typers$Typer.typedStat$1(Typers.scala:5790)
	at scala.tools.nsc.typechecker.Typers$Typer.$anonfun$typedStats$10(Typers.scala:3373)
	at scala.tools.nsc.typechecker.Typers$Typer.typedStats(Typers.scala:3373)
	at scala.tools.nsc.typechecker.Typers$Typer.typedPackageDef$1(Typers.scala:5356)
	at scala.tools.nsc.typechecker.Typers$Typer.typed1(Typers.scala:5649)
	at scala.tools.nsc.typechecker.Typers$Typer.typed(Typers.scala:5726)
	at scala.tools.nsc.typechecker.Analyzer$typerFactory$TyperPhase.apply(Analyzer.scala:114)
	at scala.tools.nsc.Global$GlobalPhase.applyPhase(Global.scala:448)
	at scala.tools.nsc.interactive.Global$TyperRun.$anonfun$applyPhase$1(Global.scala:1340)
	at scala.tools.nsc.interactive.Global$TyperRun.applyPhase(Global.scala:1340)
	at scala.tools.nsc.interactive.Global$TyperRun.typeCheck(Global.scala:1333)
	at scala.tools.nsc.interactive.Global.typeCheck(Global.scala:665)
	at scala.tools.nsc.interactive.Global.typedTreeAt(Global.scala:814)
	at scala.tools.nsc.interactive.Global.completionsAt(Global.scala:1225)
	at scala.meta.internal.pc.CompletionProvider.safeCompletionsAt(CompletionProvider.scala:353)
	at scala.meta.internal.pc.CompletionProvider.completions(CompletionProvider.scala:47)

INFO  compiling airtime-fsm (12 scala sources)
INFO  time: compiled airtime-fsm in 1.33s
ERROR 'airtime-fsm' failed to compile.
INFO  compiling airtime-fsm (12 scala sources)
INFO  time: compiled airtime-fsm in 2.01s
ERROR 'airtime-fsm' failed to compile.
INFO  compiling airtime-fsm (12 scala sources)
INFO  time: compiled airtime-fsm in 0.26s
ERROR 'airtime-fsm' failed to compile.
INFO  compiling airtime-fsm (12 scala sources)
INFO  time: compiled airtime-fsm in 0.24s
ERROR 'airtime-fsm' failed to compile.
INFO  compiling airtime-fsm (12 scala sources)
INFO  time: compiled airtime-fsm in 1.26s
ERROR 'airtime-fsm' failed to compile.
INFO  compiling airtime-fsm (12 scala sources)
INFO  time: compiled airtime-fsm in 1.24s
ERROR 'airtime-fsm' failed to compile.
INFO  compiling airtime-fsm (12 scala sources)
INFO  time: compiled airtime-fsm in 0.3s
ERROR 'airtime-fsm' failed to compile.
INFO  compiling airtime-fsm (12 scala sources)
INFO  time: compiled airtime-fsm in 0.26s
ERROR 'airtime-fsm' failed to compile.
INFO  compiling airtime-fsm (12 scala sources)
INFO  time: compiled airtime-fsm in 0.26s
ERROR 'airtime-fsm' failed to compile.
INFO  compiling airtime-fsm (12 scala sources)
INFO  time: compiled airtime-fsm in 0.25s
ERROR 'airtime-fsm' failed to compile.
INFO  compiling airtime-fsm (12 scala sources)
INFO  time: compiled airtime-fsm in 1.23s
ERROR 'airtime-fsm' failed to compile.
INFO  compiling airtime-fsm (12 scala sources)
INFO  time: compiled airtime-fsm in 1.19s
ERROR 'airtime-fsm' failed to compile.
INFO  compiling airtime-fsm (12 scala sources)
INFO  time: compiled airtime-fsm in 1.26s
ERROR 'airtime-fsm' failed to compile.
INFO  compiling airtime-fsm (12 scala sources)
INFO  time: compiled airtime-fsm in 1.23s
ERROR 'airtime-fsm' failed to compile.
INFO  compiling airtime-fsm (12 scala sources)
INFO  time: compiled airtime-fsm in 1.34s
ERROR 'airtime-fsm' failed to compile.
INFO  compiling airtime-fsm (12 scala sources)
INFO  time: compiled airtime-fsm in 1.32s
ERROR 'airtime-fsm' failed to compile.
INFO  compiling airtime-fsm (12 scala sources)
INFO  time: compiled airtime-fsm in 1.35s
ERROR 'airtime-fsm' failed to compile.
INFO  compiling airtime-fsm (12 scala sources)
INFO  time: compiled airtime-fsm in 0.28s
ERROR 'airtime-fsm' failed to compile.
INFO  compiling airtime-fsm (12 scala sources)
INFO  time: compiled airtime-fsm in 0.28s
ERROR 'airtime-fsm' failed to compile.
INFO  compiling airtime-fsm (12 scala sources)
WARN  there was one deprecation warning (since 2.11.0)
WARN  there was one deprecation warning (since 2.12.0)
WARN  there were two deprecation warnings in total; re-run with -deprecation for details
WARN  there were two feature warnings; re-run with -feature for details
INFO  time: compiled airtime-fsm in 3.49s
INFO  compiling airtime-fsm (1 scala source)
INFO  time: compiled airtime-fsm in 0.12s
ERROR 'airtime-fsm' failed to compile.
INFO  compiling airtime-fsm (1 scala source)
INFO  time: compiled airtime-fsm in 83ms
ERROR 'airtime-fsm' failed to compile.
INFO  compiling airtime-fsm (1 scala source)
WARN  there was one deprecation warning (since 2.12.0); re-run with -deprecation for details
INFO  time: compiled airtime-fsm in 0.7s
INFO  compiling airtime-fsm (1 scala source)
WARN  there was one deprecation warning (since 2.12.0); re-run with -deprecation for details
INFO  time: compiled airtime-fsm in 0.66s
INFO  compiling airtime-fsm (1 scala source)
WARN  there was one deprecation warning (since 2.12.0); re-run with -deprecation for details
INFO  time: compiled airtime-fsm in 0.63s
